[2016.11.13-22.18.21:175][  0]Log file open, 11/13/16 17:18:21
[2016.11.13-22.18.21:175][  0]LogInit:Display: Running engine for game: Elevador
[2016.11.13-22.18.21:175][  0]LogInit:Display: RandInit(197049081) SRandInit(197049081).
[2016.11.13-22.18.21:175][  0]LogTaskGraph: Started task graph with 4 named threads and 7 total threads.
[2016.11.13-22.18.21:175][  0]LogStats: Stats thread started at 0.083379
[2016.11.13-22.18.21:175][  0]LogInit: Version: 4.9.2-2707645+++depot+UE4-Releases+4.9
[2016.11.13-22.18.21:175][  0]LogInit: API Version: 2672455
[2016.11.13-22.18.21:175][  0]LogInit: Compiled (64-bit): Sep 28 2015 10:25:44
[2016.11.13-22.18.21:175][  0]LogInit: Compiled with Visual C++: 18.00.21005.01
[2016.11.13-22.18.21:175][  0]LogInit: Build Configuration: Development
[2016.11.13-22.18.21:175][  0]LogInit: Branch Name: ++depot+UE4-Releases+4.9
[2016.11.13-22.18.21:175][  0]LogInit: Command line:  /Temp/Autosaves/Game/ThirdPersonBP/Maps/UEDPCThirdPersonExampleMap -game -PIEVIACONSOLE -ResX=1280 -ResY=720  -Multiprocess 
[2016.11.13-22.18.21:175][  0]LogInit: Base directory: C:/Program Files/Epic Games/4.9/Engine/Binaries/Win64/
[2016.11.13-22.18.21:175][  0]LogInit: Rocket: 1
[2016.11.13-22.18.21:193][  0]LogInit: Using libcurl 7.41.0
[2016.11.13-22.18.21:193][  0]LogInit:  - built for x86_64-pc-win32
[2016.11.13-22.18.21:193][  0]LogInit:  - supports SSL with WinSSL
[2016.11.13-22.18.21:193][  0]LogInit:  - other features:
[2016.11.13-22.18.21:193][  0]LogInit:      CURL_VERSION_SSL
[2016.11.13-22.18.21:193][  0]LogInit:      CURL_VERSION_IPV6
[2016.11.13-22.18.21:193][  0]LogInit:      CURL_VERSION_ASYNCHDNS
[2016.11.13-22.18.21:193][  0]LogInit:      CURL_VERSION_LARGEFILE
[2016.11.13-22.18.21:193][  0]LogInit:      CURL_VERSION_IDN
[2016.11.13-22.18.21:193][  0]LogInit:  CurlRequestOptions (configurable via config and command line):
[2016.11.13-22.18.21:193][  0]LogInit:  - bVerifyPeer = true  - Libcurl will verify peer certificate
[2016.11.13-22.18.21:193][  0]LogInit:  - bUseHttpProxy = false  - Libcurl will NOT use HTTP proxy
[2016.11.13-22.18.21:193][  0]LogInit:  - bDontReuseConnections = false  - Libcurl will reuse connections
[2016.11.13-22.18.21:193][  0]LogInit:  - CertBundlePath = nullptr  - Libcurl will use whatever was configured at build time.
[2016.11.13-22.18.21:202][  0]LogInit: Presizing for 0 objects not considered by GC, pre-allocating 0 bytes.
[2016.11.13-22.18.21:209][  0]LogInit: Object subsystem initialized
[2016.11.13-22.18.21:210][  0]LogInit: Selected Device Profile: [Windows]
[2016.11.13-22.18.21:210][  0]LogInit: Applying CVar settings loaded from the selected device profile: [Windows]
[2016.11.13-22.18.21:214][  0]LogInit: Computer: MSI
[2016.11.13-22.18.21:214][  0]LogInit: User: jsoba
[2016.11.13-22.18.21:214][  0]LogInit: CPU Page size=4096, Cores=4
[2016.11.13-22.18.21:214][  0]LogInit: High frequency timer resolution =2.630615 MHz
[2016.11.13-22.18.21:214][  0]LogMemory: Memory total: Physical=15.9GB (16GB approx)
[2016.11.13-22.18.21:214][  0]LogMemory: Platform Memory Stats for Windows
[2016.11.13-22.18.21:214][  0]LogMemory: Process Physical Memory: 54.54 MB used, 54.54 MB peak
[2016.11.13-22.18.21:214][  0]LogMemory: Process Virtual Memory: 55.46 MB used, 55.46 MB peak
[2016.11.13-22.18.21:214][  0]LogMemory: Physical Memory: 7920.32 MB used, 16299.20 MB total
[2016.11.13-22.18.21:214][  0]LogMemory: Virtual Memory: 369.84 MB used, 134217728.00 MB total
[2016.11.13-22.18.21:760][  0]LogTextLocalizationManager: No specific translations for ('en-US') exist, so ('en') translations will be used.
[2016.11.13-22.18.22:386][  0]LogD3D11RHI: Found D3D11 adapter 0: NVIDIA GeForce GTX 970M        (Feature Level 11_0)
[2016.11.13-22.18.22:386][  0]LogD3D11RHI: Adapter has 2991MB of dedicated video memory, 0MB of dedicated system memory, and 8149MB of shared system memory, 1 output[s]
[2016.11.13-22.18.22:390][  0]LogD3D11RHI: Found D3D11 adapter 1: Intel(R) HD Graphics 5600 (Feature Level 11_0)
[2016.11.13-22.18.22:390][  0]LogD3D11RHI: Adapter has 128MB of dedicated video memory, 0MB of dedicated system memory, and 8149MB of shared system memory, 0 output[s]
[2016.11.13-22.18.22:391][  0]LogD3D11RHI: Found D3D11 adapter 2: Microsoft Basic Render Driver (Feature Level 11_0)
[2016.11.13-22.18.22:392][  0]LogD3D11RHI: Adapter has 0MB of dedicated video memory, 0MB of dedicated system memory, and 8149MB of shared system memory, 0 output[s]
[2016.11.13-22.18.22:392][  0]LogD3D11RHI: Chosen D3D11 Adapter Id = 0
[2016.11.13-22.18.22:398][  0]LogD3D11RHI: !Direct3DDevice
[2016.11.13-22.18.22:398][  0]LogRHI: Texture pool is 1361 MB (70% of 1945 MB)
[2016.11.13-22.18.22:413][  0]LogD3D11RHI: Async texture creation enabled
[2016.11.13-22.18.22:424][  0]LogShaderCompilers: Guid format shader working directory is 14 characters bigger than the processId version (../../../../../../Users/jsoba/OneDrive/Documentos/Unreal Projects/Elevador/Intermediate/Shaders/WorkingDirectory/16156/).
[2016.11.13-22.18.22:424][  0]LogShaderCompilers: Cleaned the shader compiler working directory '../../../../../../Users/jsoba/OneDrive/Documentos/Unreal Projects/Elevador/Intermediate/Shaders/tmp/C3552C4D443FDC0204E9F496188A05FC/'.
[2016.11.13-22.18.22:424][  0]LogShaderCompilers:Display: Using Local Shader Compiler.
[2016.11.13-22.18.23:477][  0]LogTemp:Display: Loaded TP AllDesktopTargetPlatform
[2016.11.13-22.18.23:482][  0]LogTemp:Display: Loaded TP WindowsClientTargetPlatform
[2016.11.13-22.18.23:488][  0]LogTemp:Display: Loaded TP WindowsNoEditorTargetPlatform
[2016.11.13-22.18.23:493][  0]LogTemp:Display: Loaded TP WindowsServerTargetPlatform
[2016.11.13-22.18.23:499][  0]LogTemp:Display: Loaded TP WindowsTargetPlatform
[2016.11.13-22.18.23:502][  0]LogTemp:Display: Loaded TP AndroidTargetPlatform
[2016.11.13-22.18.23:506][  0]LogTemp:Display: Loaded TP Android_ASTCTargetPlatform
[2016.11.13-22.18.23:509][  0]LogTemp:Display: Loaded TP Android_ATCTargetPlatform
[2016.11.13-22.18.23:513][  0]LogTemp:Display: Loaded TP Android_DXTTargetPlatform
[2016.11.13-22.18.23:516][  0]LogTemp:Display: Loaded TP Android_ETC1TargetPlatform
[2016.11.13-22.18.23:520][  0]LogTemp:Display: Loaded TP Android_ETC2TargetPlatform
[2016.11.13-22.18.23:524][  0]LogTemp:Display: Loaded TP Android_PVRTCTargetPlatform
[2016.11.13-22.18.23:524][  0]LogTemp:Display: Loaded TP HTML5TargetPlatform
[2016.11.13-22.18.23:541][  0]LogTemp:Display: Loaded TP IOSTargetPlatform
[2016.11.13-22.18.23:545][  0]LogTemp:Display: Loaded TP LinuxNoEditorTargetPlatform
[2016.11.13-22.18.23:548][  0]LogTemp:Display: Loaded TP LinuxServerTargetPlatform
[2016.11.13-22.18.23:552][  0]LogTemp:Display: Loaded TP LinuxTargetPlatform
[2016.11.13-22.18.23:552][  0]LogTargetPlatformManager:Display: Building Assets For Windows
[2016.11.13-22.18.23:644][  0]LogDerivedDataCache:Display: Max Cache Size: 512 MB
[2016.11.13-22.18.23:686][  0]LogDerivedDataCache: Loaded boot cache 0.04s 42MB C:/Users/jsoba/AppData/Local/UnrealEngine/4.9/DerivedDataCache/Boot.ddc.
[2016.11.13-22.18.23:686][  0]LogDerivedDataCache:Display: Loaded Boot cache: C:/Users/jsoba/AppData/Local/UnrealEngine/4.9/DerivedDataCache/Boot.ddc
[2016.11.13-22.18.23:686][  0]LogDerivedDataCache: FDerivedDataBackendGraph:  Pak pak cache file ../../../../../../Users/jsoba/OneDrive/Documentos/Unreal Projects/Elevador/DerivedDataCache/DDC.ddp not found, will not use a pak cache.
[2016.11.13-22.18.23:686][  0]LogDerivedDataCache: Unable to find inner node Pak for hierarchical cache Hierarchy.
[2016.11.13-22.18.23:686][  0]LogDerivedDataCache: FDerivedDataBackendGraph:  CompressedPak pak cache file ../../../../../../Users/jsoba/OneDrive/Documentos/Unreal Projects/Elevador/DerivedDataCache/Compressed.ddp not found, will not use a pak cache.
[2016.11.13-22.18.23:686][  0]LogDerivedDataCache: Unable to find inner node CompressedPak for hierarchical cache Hierarchy.
[2016.11.13-22.18.23:820][  0]LogDerivedDataCache:Display: Pak cache opened for reading ../../../Engine/DerivedDataCache/Compressed.ddp.
[2016.11.13-22.18.23:832][  0]LogDerivedDataCache: Using Local data cache path C:/Users/jsoba/AppData/Local/UnrealEngine/Common/DerivedDataCache: Writable
[2016.11.13-22.18.23:978][  0]LogInit: Selected Device Profile: [Windows]
[2016.11.13-22.18.23:981][  0]LogContentStreaming: Texture pool size is 1000.000000MB
[2016.11.13-22.18.24:084][  0]LogMeshUtilities: No automatic mesh reduction module available
[2016.11.13-22.18.24:084][  0]LogMeshUtilities: No automatic mesh merging module available
[2016.11.13-22.18.24:285][  0]LogInit: WinSock: version 1.1 (2.2), MaxSocks=32767, MaxUdp=65467
[2016.11.13-22.18.24:521][  0]LogWindowsMoviePlayer: Unable to load movie: ../../../../../../Users/jsoba/OneDrive/Documentos/Unreal Projects/Elevador/Content/Movies/Default_Startup.mp4
[2016.11.13-22.18.24:648][  0]SourceControl: Info Source control is disabled
[2016.11.13-22.18.24:648][  0]SourceControl: Info Source control is disabled
[2016.11.13-22.18.24:661][  0]SourceControl: Info Source control is disabled
[2016.11.13-22.18.24:759][  0]LogLinker:Warning: Asset '../../../Engine/Plugins/Runtime/LeapMotionController/Content/LM_PassthroughMaterial.uasset' has been saved with empty engine version. The asset will be loaded but may be incompatible.
[2016.11.13-22.18.24:845][  0]LogObj: 27672 objects as part of root set at end of initial load.
[2016.11.13-22.18.24:845][  0]LogUObjectAllocator: 5776272 out of 0 bytes used by permanent object pool.
[2016.11.13-22.18.24:895][  0]LogEngine: Initializing Engine...
[2016.11.13-22.18.24:897][  0]LogHMD: Can't find Oculus library dev build: is proper Runtime installed? Version: 0.7.0.0
[2016.11.13-22.18.24:898][  0]LogHMD: SteamVR failed to initialize.  Err: 110
[2016.11.13-22.18.24:992][  0]LogInit: XAudio2 using 'Speakers (Realtek High Definition Audio)' : 8 channels at 48 kHz using 32 bits per sample (channel mask 0x63f)
[2016.11.13-22.18.25:025][  0]LogInit: FAudioDevice initialized.
[2016.11.13-22.18.25:028][  0]LogInit: Texture streaming: Enabled
[2016.11.13-22.18.25:084][  0]LogNet: Browse: /Temp/Autosaves/Game/ThirdPersonBP/Maps/UEDPCThirdPersonExampleMap?Name=Player
[2016.11.13-22.18.25:086][  0]LogLoad: LoadMap: /Temp/Autosaves/Game/ThirdPersonBP/Maps/UEDPCThirdPersonExampleMap?Name=Player
[2016.11.13-22.18.25:094][  0]LogParticles: Destroying 0 GPU particle simulations for FXSystem 0x000002689B486160
[2016.11.13-22.18.25:103][  0]LogMemory: Platform Memory Stats for Windows
[2016.11.13-22.18.25:103][  0]LogMemory: Process Physical Memory: 391.50 MB used, 391.50 MB peak
[2016.11.13-22.18.25:103][  0]LogMemory: Process Virtual Memory: 447.08 MB used, 447.08 MB peak
[2016.11.13-22.18.25:103][  0]LogMemory: Physical Memory: 8201.08 MB used, 16299.20 MB total
[2016.11.13-22.18.25:103][  0]LogMemory: Virtual Memory: 1012.03 MB used, 134217728.00 MB total
[2016.11.13-22.18.25:103][  0]LogMemory: 
[2016.11.13-22.18.25:103][  0]Allocator Stats for TBB: (not implemented)
[2016.11.13-22.18.25:113][  0]LogLinker:Warning: Asset '../../../../../../Users/jsoba/OneDrive/Documentos/Unreal Projects/Elevador/Content/Mannequin/Animations/ThirdPerson_AnimBP.uasset' has been saved with empty engine version. The asset will be loaded but may be incompatible.
[2016.11.13-22.18.25:115][  0]LogLinker:Warning: Asset '../../../../../../Users/jsoba/OneDrive/Documentos/Unreal Projects/Elevador/Content/Mannequin/Animations/ThirdPerson_Jump.uasset' has been saved with empty engine version. The asset will be loaded but may be incompatible.
[2016.11.13-22.18.25:115][  0]LogLinker:Warning: Asset '../../../../../../Users/jsoba/OneDrive/Documentos/Unreal Projects/Elevador/Content/Mannequin/Animations/ThirdPersonJump_Loop.uasset' has been saved with empty engine version. The asset will be loaded but may be incompatible.
[2016.11.13-22.18.25:116][  0]LogLinker:Warning: Asset '../../../../../../Users/jsoba/OneDrive/Documentos/Unreal Projects/Elevador/Content/Mannequin/Animations/ThirdPersonJump_Start.uasset' has been saved with empty engine version. The asset will be loaded but may be incompatible.
[2016.11.13-22.18.25:116][  0]LogLinker:War