[2016.11.13-21.55.12:515][  0]Log file open, 11/13/16 16:55:12
[2016.11.13-21.55.12:515][  0]LogInit:Display: Running engine for game: Elevador
[2016.11.13-21.55.12:515][  0]LogInit:Display: RandInit(838947792) SRandInit(838947792).
[2016.11.13-21.55.12:515][  0]LogTaskGraph: Started task graph with 4 named threads and 7 total threads.
[2016.11.13-21.55.12:515][  0]LogStats: Stats thread started at 0.087504
[2016.11.13-21.55.12:515][  0]LogInit: Version: 4.9.2-2707645+++depot+UE4-Releases+4.9
[2016.11.13-21.55.12:515][  0]LogInit: API Version: 2672455
[2016.11.13-21.55.12:515][  0]LogInit: Compiled (64-bit): Sep 28 2015 10:25:44
[2016.11.13-21.55.12:515][  0]LogInit: Compiled with Visual C++: 18.00.21005.01
[2016.11.13-21.55.12:515][  0]LogInit: Build Configuration: Development
[2016.11.13-21.55.12:515][  0]LogInit: Branch Name: ++depot+UE4-Releases+4.9
[2016.11.13-21.55.12:515][  0]LogInit: Command line:  /Temp/Autosaves/Game/ThirdPersonBP/Maps/UEDPCThirdPersonExampleMap -game -PIEVIACONSOLE -ResX=1280 -ResY=720  -Multiprocess 
[2016.11.13-21.55.12:515][  0]LogInit: Base directory: C:/Program Files/Epic Games/4.9/Engine/Binaries/Win64/
[2016.11.13-21.55.12:515][  0]LogInit: Rocket: 1
[2016.11.13-21.55.12:532][  0]LogInit: Using libcurl 7.41.0
[2016.11.13-21.55.12:532][  0]LogInit:  - built for x86_64-pc-win32
[2016.11.13-21.55.12:532][  0]LogInit:  - supports SSL with WinSSL
[2016.11.13-21.55.12:532][  0]LogInit:  - other features:
[2016.11.13-21.55.12:532][  0]LogInit:      CURL_VERSION_SSL
[2016.11.13-21.55.12:532][  0]LogInit:      CURL_VERSION_IPV6
[2016.11.13-21.55.12:532][  0]LogInit:      CURL_VERSION_ASYNCHDNS
[2016.11.13-21.55.12:532][  0]LogInit:      CURL_VERSION_LARGEFILE
[2016.11.13-21.55.12:532][  0]LogInit:      CURL_VERSION_IDN
[2016.11.13-21.55.12:532][  0]LogInit:  CurlRequestOptions (configurable via config and command line):
[2016.11.13-21.55.12:532][  0]LogInit:  - bVerifyPeer = true  - Libcurl will verify peer certificate
[2016.11.13-21.55.12:532][  0]LogInit:  - bUseHttpProxy = false  - Libcurl will NOT use HTTP proxy
[2016.11.13-21.55.12:532][  0]LogInit:  - bDontReuseConnections = false  - Libcurl will reuse connections
[2016.11.13-21.55.12:532][  0]LogInit:  - CertBundlePath = nullptr  - Libcurl will use whatever was configured at build time.
[2016.11.13-21.55.12:540][  0]LogInit: Presizing for 0 objects not considered by GC, pre-allocating 0 bytes.
[2016.11.13-21.55.12:548][  0]LogInit: Object subsystem initialized
[2016.11.13-21.55.12:549][  0]LogInit: Selected Device Profile: [Windows]
[2016.11.13-21.55.12:549][  0]LogInit: Applying CVar settings loaded from the selected device profile: [Windows]
[2016.11.13-21.55.12:552][  0]LogInit: Computer: MSI
[2016.11.13-21.55.12:552][  0]LogInit: User: jsoba
[2016.11.13-21.55.12:552][  0]LogInit: CPU Page size=4096, Cores=4
[2016.11.13-21.55.12:552][  0]LogInit: High frequency timer resolution =2.630615 MHz
[2016.11.13-21.55.12:552][  0]LogMemory: Memory total: Physical=15.9GB (16GB approx)
[2016.11.13-21.55.12:552][  0]LogMemory: Platform Memory Stats for Windows
[2016.11.13-21.55.12:552][  0]LogMemory: Process Physical Memory: 54.65 MB used, 54.65 MB peak
[2016.11.13-21.55.12:552][  0]LogMemory: Process Virtual Memory: 55.80 MB used, 55.80 MB peak
[2016.11.13-21.55.12:552][  0]LogMemory: Physical Memory: 8226.79 MB used, 16299.20 MB total
[2016.11.13-21.55.12:552][  0]LogMemory: Virtual Memory: 370.84 MB used, 134217728.00 MB total
[2016.11.13-21.55.13:108][  0]LogTextLocalizationManager: No specific translations for ('en-US') exist, so ('en') translations will be used.
[2016.11.13-21.55.13:739][  0]LogD3D11RHI: Found D3D11 adapter 0: NVIDIA GeForce GTX 970M        (Feature Level 11_0)
[2016.11.13-21.55.13:739][  0]LogD3D11RHI: Adapter has 2991MB of dedicated video memory, 0MB of dedicated system memory, and 8149MB of shared system memory, 1 output[s]
[2016.11.13-21.55.13:744][  0]LogD3D11RHI: Found D3D11 adapter 1: Intel(R) HD Graphics 5600 (Feature Level 11_0)
[2016.11.13-21.55.13:744][  0]LogD3D11RHI: Adapter has 128MB of dedicated video memory, 0MB of dedicated system memory, and 8149MB of shared system memory, 0 output[s]
[2016.11.13-21.55.13:746][  0]LogD3D11RHI: Found D3D11 adapter 2: Microsoft Basic Render Driver (Feature Level 11_0)
[2016.11.13-21.55.13:746][  0]LogD3D11RHI: Adapter has 0MB of dedicated video memory, 0MB of dedicated system memory, and 8149MB of shared system memory, 0 output[s]
[2016.11.13-21.55.13:746][  0]LogD3D11RHI: Chosen D3D11 Adapter Id = 0
[2016.11.13-21.55.13:753][  0]LogD3D11RHI: !Direct3DDevice
[2016.11.13-21.55.13:753][  0]LogRHI: Texture pool is 1361 MB (70% of 1945 MB)
[2016.11.13-21.55.13:768][  0]LogD3D11RHI: Async texture creation enabled
[2016.11.13-21.55.13:780][  0]LogShaderCompilers: Guid format shader working directory is 15 characters bigger than the processId version (../../../../../../Users/jsoba/OneDrive/Documentos/Unreal Projects/Elevador/Intermediate/Shaders/WorkingDirectory/5256/).
[2016.11.13-21.55.13:780][  0]LogShaderCompilers: Cleaned the shader compiler working directory '../../../../../../Users/jsoba/OneDrive/Documentos/Unreal Projects/Elevador/Intermediate/Shaders/tmp/68D973EB4D9667FD9313EE9B692F9EF6/'.
[2016.11.13-21.55.13:780][  0]LogShaderCompilers:Display: Using Local Shader Compiler.
[2016.11.13-21.55.14:832][  0]LogTemp:Display: Loaded TP AllDesktopTargetPlatform
[2016.11.13-21.55.14:838][  0]LogTemp:Display: Loaded TP WindowsClientTargetPlatform
[2016.11.13-21.55.14:843][  0]LogTemp:Display: Loaded TP WindowsNoEditorTargetPlatform
[2016.11.13-21.55.14:849][  0]LogTemp:Display: Loaded TP WindowsServerTargetPlatform
[2016.11.13-21.55.14:855][  0]LogTemp:Display: Loaded TP WindowsTargetPlatform
[2016.11.13-21.55.14:859][  0]LogTemp:Display: Loaded TP AndroidTargetPlatform
[2016.11.13-21.55.14:862][  0]LogTemp:Display: Loaded TP Android_ASTCTargetPlatform
[2016.11.13-21.55.14:866][  0]LogTemp:Display: Loaded TP Android_ATCTargetPlatform
[2016.11.13-21.55.14:871][  0]LogTemp:Display: Loaded TP Android_DXTTargetPlatform
[2016.11.13-21.55.14:876][  0]LogTemp:Display: Loaded TP Android_ETC1TargetPlatform
[2016.11.13-21.55.14:882][  0]LogTemp:Display: Loaded TP Android_ETC2TargetPlatform
[2016.11.13-21.55.14:887][  0]LogTemp:Display: Loaded TP Android_PVRTCTargetPlatform
[2016.11.13-21.55.14:888][  0]LogTemp:Display: Loaded TP HTML5TargetPlatform
[2016.11.13-21.55.14:907][  0]LogTemp:Display: Loaded TP IOSTargetPlatform
[2016.11.13-21.55.14:910][  0]LogTemp:Display: Loaded TP LinuxNoEditorTargetPlatform
[2016.11.13-21.55.14:914][  0]LogTemp:Display: Loaded TP LinuxServerTargetPlatform
[2016.11.13-21.55.14:919][  0]LogTemp:Display: Loaded TP LinuxTargetPlatform
[2016.11.13-21.55.14:919][  0]LogTargetPlatformManager:Display: Building Assets For Windows
[2016.11.13-21.55.15:013][  0]LogDerivedDataCache:Display: Max Cache Size: 512 MB
[2016.11.13-21.55.15:058][  0]LogDerivedDataCache: Loaded boot cache 0.04s 42MB C:/Users/jsoba/AppData/Local/UnrealEngine/4.9/DerivedDataCache/Boot.ddc.
[2016.11.13-21.55.15:058][  0]LogDerivedDataCache:Display: Loaded Boot cache: C:/Users/jsoba/AppData/Local/UnrealEngine/4.9/DerivedDataCache/Boot.ddc
[2016.11.13-21.55.15:058][  0]LogDerivedDataCache: FDerivedDataBackendGraph:  Pak pak cache file ../../../../../../Users/jsoba/OneDrive/Documentos/Unreal Projects/Elevador/DerivedDataCache/DDC.ddp not found, will not use a pak cache.
[2016.11.13-21.55.15:058][  0]LogDerivedDataCache: Unable to find inner node Pak for hierarchical cache Hierarchy.
[2016.11.13-21.55.15:058][  0]LogDerivedDataCache: FDerivedDataBackendGraph:  CompressedPak pak cache file ../../../../../../Users/jsoba/OneDrive/Documentos/Unreal Projects/Elevador/DerivedDataCache/Compressed.ddp not found, will not use a pak cache.
[2016.11.13-21.55.15:058][  0]LogDerivedDataCache: Unable to find inner node CompressedPak for hierarchical cache Hierarchy.
[2016.11.13-21.55.15:188][  0]LogDerivedDataCache:Display: Pak cache opened for reading ../../../Engine/DerivedDataCache/Compressed.ddp.
[2016.11.13-21.55.15:200][  0]LogDerivedDataCache: Using Local data cache path C:/Users/jsoba/AppData/Local/UnrealEngine/Common/DerivedDataCache: Writable
[2016.11.13-21.55.15:354][  0]LogInit: Selected Device Profile: [Windows]
[2016.11.13-21.55.15:357][  0]LogContentStreaming: Texture pool size is 1000.000000MB
[2016.11.13-21.55.15:462][  0]LogMeshUtilities: No automatic mesh reduction module available
[2016.11.13-21.55.15:462][  0]LogMeshUtilities: No automatic mesh merging module available
[2016.11.13-21.55.15:666][  0]LogInit: WinSock: version 1.1 (2.2), MaxSocks=32767, MaxUdp=65467
[2016.11.13-21.55.15:889][  0]LogWindowsMoviePlayer: Unable to load movie: ../../../../../../Users/jsoba/OneDrive/Documentos/Unreal Projects/Elevador/Content/Movies/Default_Startup.mp4
[2016.11.13-21.55.16:019][  0]SourceControl: Info Source control is disabled
[2016.11.13-21.55.16:019][  0]SourceControl: Info Source control is disabled
[2016.11.13-21.55.16:032][  0]SourceControl: Info Source control is disabled
[2016.11.13-21.55.16:133][  0]LogLinker:Warning: Asset '../../../Engine/Plugins/Runtime/LeapMotionController/Content/LM_PassthroughMaterial.uasset' has been saved with empty engine version. The asset will be loaded but may be incompatible.
[2016.11.13-21.55.16:221][  0]LogObj: 27672 objects as part of root set at end of initial load.
[2016.11.13-21.55.16:221][  0]LogUObjectAllocator: 5776272 out of 0 bytes used by permanent object pool.
[2016.11.13-21.55.16:272][  0]LogEngine: Initializing Engine...
[2016.11.13-21.55.16:275][  0]LogHMD: Can't find Oculus library dev build: is proper Runtime installed? Version: 0.7.0.0
[2016.11.13-21.55.16:276][  0]LogHMD: SteamVR failed to initialize.  Err: 110
[2016.11.13-21.55.16:372][  0]LogInit: XAudio2 using 'Speakers (Realtek High Definition Audio)' : 8 channels at 48 kHz using 32 bits per sample (channel mask 0x63f)
[2016.11.13-21.55.16:406][  0]LogInit: FAudioDevice initialized.
[2016.11.13-21.55.16:409][  0]LogInit: Texture streaming: Enabled
[2016.11.13-21.55.16:467][  0]LogNet: Browse: /Temp/Autosaves/Game/ThirdPersonBP/Maps/UEDPCThirdPersonExampleMap?Name=Player
[2016.11.13-21.55.16:469][  0]LogLoad: LoadMap: /Temp/Autosaves/Game/ThirdPersonBP/Maps/UEDPCThirdPersonExampleMap?Name=Player
[2016.11.13-21.55.16:479][  0]LogParticles: Destroying 0 GPU particle simulations for FXSystem 0x000001E26EA6E160
[2016.11.13-21.55.16:487][  0]LogMemory: Platform Memory Stats for Windows
[2016.11.13-21.55.16:487][  0]LogMemory: Process Physical Memory: 394.13 MB used, 394.13 MB peak
[2016.11.13-21.55.16:487][  0]LogMemory: Process Virtual Memory: 453.39 MB used, 453.39 MB peak
[2016.11.13-21.55.16:487][  0]LogMemory: Physical Memory: 8494.04 MB used, 16299.20 MB total
[2016.11.13-21.55.16:487][  0]LogMemory: Virtual Memory: 1018.28 MB used, 134217728.00 MB total
[2016.11.13-21.55.16:487][  0]LogMemory: 
[2016.11.13-21.55.16:487][  0]Allocator Stats for TBB: (not implemented)
[2016.11.13-21.55.16:497][  0]LogLinker:Warning: Asset '../../../../../../Users/jsoba/OneDrive/Documentos/Unreal Projects/Elevador/Content/Mannequin/Animations/ThirdPerson_AnimBP.uasset' has been saved with empty engine version. The asset will be loaded but may be incompatible.
[2016.11.13-21.55.16:499][  0]LogLinker:Warning: Asset '../../../../../../Users/jsoba/OneDrive/Documentos/Unreal Projects/Elevador/Content/Mannequin/Animations/ThirdPerson_Jump.uasset' has been saved with empty engine version. The asset will be loaded but may be incompatible.
[2016.11.13-21.55.16:499][  0]LogLinker:Warning: Asset '../../../../../../Users/jsoba/OneDrive/Documentos/Unreal Projects/Elevador/Content/Mannequin/Animations/ThirdPersonJump_Loop.uasset' has been saved with empty engine version. The asset will be loaded but may be incompatible.
[2016.11.13-21.55.16:500][  0]LogLinker:Warning: Asset '../../../../../../Users/jsoba/OneDrive/Documentos/Unreal Projects/Elevador/Content/Mannequin/Animations/ThirdPersonJump_Start.uasset' has been saved with empty engine version. The asset will be loaded but may be incompatible.
[2016.11.13-21.55.16:500][  0]LogLinker:Warn