[2016.11.13-20.44.51:843][  0]Log file open, 11/13/16 15:44:51
[2016.11.13-20.44.51:843][  0]LogInit:Display: Running engine for game: Elevador
[2016.11.13-20.44.51:843][  0]LogInit:Display: RandInit(-1674132243) SRandInit(-1674132243).
[2016.11.13-20.44.51:843][  0]LogTaskGraph: Started task graph with 4 named threads and 7 total threads.
[2016.11.13-20.44.51:843][  0]LogStats: Stats thread started at 0.090691
[2016.11.13-20.44.51:843][  0]LogInit: Version: 4.9.2-2707645+++depot+UE4-Releases+4.9
[2016.11.13-20.44.51:843][  0]LogInit: API Version: 2672455
[2016.11.13-20.44.51:843][  0]LogInit: Compiled (64-bit): Sep 28 2015 10:25:44
[2016.11.13-20.44.51:843][  0]LogInit: Compiled with Visual C++: 18.00.21005.01
[2016.11.13-20.44.51:843][  0]LogInit: Build Configuration: Development
[2016.11.13-20.44.51:843][  0]LogInit: Branch Name: ++depot+UE4-Releases+4.9
[2016.11.13-20.44.51:843][  0]LogInit: Command line:  /Temp/Autosaves/Game/ThirdPersonBP/Maps/UEDPCThirdPersonExampleMap -game -PIEVIACONSOLE -ResX=1280 -ResY=720  -Multiprocess 
[2016.11.13-20.44.51:843][  0]LogInit: Base directory: C:/Program Files/Epic Games/4.9/Engine/Binaries/Win64/
[2016.11.13-20.44.51:843][  0]LogInit: Rocket: 1
[2016.11.13-20.44.51:859][  0]LogInit: Using libcurl 7.41.0
[2016.11.13-20.44.51:859][  0]LogInit:  - built for x86_64-pc-win32
[2016.11.13-20.44.51:859][  0]LogInit:  - supports SSL with WinSSL
[2016.11.13-20.44.51:859][  0]LogInit:  - other features:
[2016.11.13-20.44.51:859][  0]LogInit:      CURL_VERSION_SSL
[2016.11.13-20.44.51:859][  0]LogInit:      CURL_VERSION_IPV6
[2016.11.13-20.44.51:859][  0]LogInit:      CURL_VERSION_ASYNCHDNS
[2016.11.13-20.44.51:859][  0]LogInit:      CURL_VERSION_LARGEFILE
[2016.11.13-20.44.51:859][  0]LogInit:      CURL_VERSION_IDN
[2016.11.13-20.44.51:859][  0]LogInit:  CurlRequestOptions (configurable via config and command line):
[2016.11.13-20.44.51:859][  0]LogInit:  - bVerifyPeer = true  - Libcurl will verify peer certificate
[2016.11.13-20.44.51:859][  0]LogInit:  - bUseHttpProxy = false  - Libcurl will NOT use HTTP proxy
[2016.11.13-20.44.51:859][  0]LogInit:  - bDontReuseConnections = false  - Libcurl will reuse connections
[2016.11.13-20.44.51:859][  0]LogInit:  - CertBundlePath = nullptr  - Libcurl will use whatever was configured at build time.
[2016.11.13-20.44.51:870][  0]LogInit: Presizing for 0 objects not considered by GC, pre-allocating 0 bytes.
[2016.11.13-20.44.51:877][  0]LogInit: Object subsystem initialized
[2016.11.13-20.44.51:879][  0]LogInit: Selected Device Profile: [Windows]
[2016.11.13-20.44.51:879][  0]LogInit: Applying CVar settings loaded from the selected device profile: [Windows]
[2016.11.13-20.44.51:884][  0]LogInit: Computer: MSI
[2016.11.13-20.44.51:884][  0]LogInit: User: jsoba
[2016.11.13-20.44.51:884][  0]LogInit: CPU Page size=4096, Cores=4
[2016.11.13-20.44.51:884][  0]LogInit: High frequency timer resolution =2.630615 MHz
[2016.11.13-20.44.51:884][  0]LogMemory: Memory total: Physical=15.9GB (16GB approx)
[2016.11.13-20.44.51:884][  0]LogMemory: Platform Memory Stats for Windows
[2016.11.13-20.44.51:884][  0]LogMemory: Process Physical Memory: 54.35 MB used, 54.35 MB peak
[2016.11.13-20.44.51:884][  0]LogMemory: Process Virtual Memory: 55.50 MB used, 55.50 MB peak
[2016.11.13-20.44.51:884][  0]LogMemory: Physical Memory: 8218.73 MB used, 16299.20 MB total
[2016.11.13-20.44.51:884][  0]LogMemory: Virtual Memory: 369.84 MB used, 134217728.00 MB total
[2016.11.13-20.44.52:621][  0]LogTextLocalizationManager: No specific translations for ('en-US') exist, so ('en') translations will be used.
[2016.11.13-20.44.53:394][  0]LogD3D11RHI: Found D3D11 adapter 0: NVIDIA GeForce GTX 970M        (Feature Level 11_0)
[2016.11.13-20.44.53:394][  0]LogD3D11RHI: Adapter has 2991MB of dedicated video memory, 0MB of dedicated system memory, and 8149MB of shared system memory, 1 output[s]
[2016.11.13-20.44.53:401][  0]LogD3D11RHI: Found D3D11 adapter 1: Intel(R) HD Graphics 5600 (Feature Level 11_0)
[2016.11.13-20.44.53:401][  0]LogD3