[2016.11.13-06.55.56:597][  0]Log file open, 11/13/16 01:55:56
[2016.11.13-06.55.56:597][  0]LogInit:Display: Running engine for game: Elevador
[2016.11.13-06.55.56:597][  0]LogInit:Display: RandInit(562743934) SRandInit(562743934).
[2016.11.13-06.55.56:597][  0]LogTaskGraph: Started task graph with 4 named threads and 7 total threads.
[2016.11.13-06.55.56:597][  0]LogStats: Stats thread started at 0.080857
[2016.11.13-06.55.56:597][  0]LogInit: Version: 4.9.2-2707645+++depot+UE4-Releases+4.9
[2016.11.13-06.55.56:597][  0]LogInit: API Version: 2672455
[2016.11.13-06.55.56:597][  0]LogInit: Compiled (64-bit): Sep 28 2015 10:25:44
[2016.11.13-06.55.56:597][  0]LogInit: Compiled with Visual C++: 18.00.21005.01
[2016.11.13-06.55.56:597][  0]LogInit: Build Configuration: Development
[2016.11.13-06.55.56:597][  0]LogInit: Branch Name: ++depot+UE4-Releases+4.9
[2016.11.13-06.55.56:597][  0]LogInit: Command line:  /Temp/Autosaves/Game/ThirdPersonBP/Maps/UEDPCThirdPersonExampleMap -game -PIEVIACONSOLE -ResX=1280 -ResY=720  -Multiprocess 
[2016.11.13-06.55.56:597][  0]LogInit: Base directory: C:/Program Files/Epic Games/4.9/Engine/Binaries/Win64/
[2016.11.13-06.55.56:597][  0]LogInit: Rocket: 1
[2016.11.13-06.55.56:608][  0]LogInit: Using libcurl 7.41.0
[2016.11.13-06.55.56:608][  0]LogInit:  - built for x86_64-pc-win32
[2016.11.13-06.55.56:608][  0]LogInit:  - supports SSL with WinSSL
[2016.11.13-06.55.56:608][  0]LogInit:  - other features:
[2016.11.13-06.55.56:608][  0]LogInit:      CURL_VERSION_SSL
[2016.11.13-06.55.56:608][  0]LogInit:      CURL_VERSION_IPV6
[2016.11.13-06.55.56:608][  0]LogInit:      CURL_VERSION_ASYNCHDNS
[2016.11.13-06.55.56:608][  0]LogInit:      CURL_VERSION_LARGEFILE
[2016.11.13-06.55.56:608][  0]LogInit:      CURL_VERSION_IDN
[2016.11.13-06.55.56:608][  0]LogInit:  CurlRequestOptions (configurable via config and command line):
[2016.11.13-06.55.56:608][  0]LogInit:  - bVerifyPeer = true  - Libcurl will verify peer certificate
[2016.11.13-06.55.56:608][  0]LogInit:  - bUseHttpProxy = false  - Libcurl will NOT use HTTP proxy
[2016.11.13-06.55.56:608][  0]LogInit:  - bDontReuseConnections = false  - Libcurl will reuse connections
[2016.11.13-06.55.56:608][  0]LogInit:  - CertBundlePath = nullptr  - Libcurl will use whatever was configured at build time.
[2016.11.13-06.55.56:616][  0]LogInit: Presizing for 0 objects not considered by GC, pre-allocating 0 bytes.
[2016.11.13-06.55.56:622][  0]LogInit: Object subsystem initialized
[2016.11.13-06.55.56:623][  0]LogInit: Selected Device Profile: [Windows]
[2016.11.13-06.55.56:623][  0]LogInit: Applying CVar settings loaded from the selected device profile: [Windows]
[2016.11.13-06.55.56:626][  0]LogInit: Computer: MSI
[2016.11.13-06.55.56:626][  0]LogInit: User: jsoba
[2016.11.13-06.55.56:626][  0]LogInit: CPU Page size=4096, Cores=4
[2016.11.13-06.55.56:626][  0]LogInit: High frequency timer resolution =2.630615 MHz
[2016.11.13-06.55.56:626][  0]LogMemory: Memory total: Physical=15.9GB (16GB approx)
[2016.11.13-06.55.56:626][  0]LogMemory: Platform Memory Stats for Windows
[2016.11.13-06.55.56:626][  0]LogMemory: Process Physical Memory: 54.38 MB used, 54.38 MB peak
[2016.11.13-06.55.56:626][  0]LogMemory: Process Virtual Memory: 55.50 MB used, 55.50 MB peak
[2016.11.13-06.55.56:626][  0]LogMemory: Physical Memory: 8183.34 MB used, 16299.20 MB total
[2016.11.13-06.55.56:626][  0]LogMemory: Virtual Memory: 369.84 MB used, 134217728.00 MB total
[2016.11.13-06.55.57:069][  0]LogTextLocalizationManager: No specific translations for ('en-US') exist, so ('en') translations will be used.
[2016.11.13-06.55.57:637][  0]LogD3D11RHI: Found D3D11 adapter 0: NVIDIA GeForce GTX 970M        (Feature Level 11_0)
[2016.11.13-06.55.57:637][  0]LogD3D11RHI: Adapter has 2991MB of dedicated video memory, 0MB of dedicated system memory, and 8149MB of shared system memory, 1 output[s]
[2016.11.13-06.55.57:641][  0]LogD3D11RHI: Found D3D11 adapter 1: Intel(R) HD Graphics 5600 (Feature Level 11_0)
[2016.11.13-06.55.57:641][  0]LogD3D11RHI: Adapter has 128MB of dedicated video memory, 0MB of dedicated system memory, and 8149MB of shared system memory, 0 output[s]
[2016.11.13-06.55.57:642][  0]LogD3D11RHI: Found D3D11 adapter 2: Microsoft Basic Render Driver (Feature Level 11_0)
[2016.11.13-06.55.57:643][  0]LogD3D11RHI: Adapter has 0MB of dedicated video memory, 0MB of dedicated system memory, and 8149MB of shared system memory, 0 output[s]
[2016.11.13-06.55.57:643][  0]LogD3D11RHI: Chosen D3D11 Adapter Id = 0
[2016.11.13-06.55.57:649][  0]LogD3D11RHI: !Direct3DDevice
[2016.11.13-06.55.57:649][  0]LogRHI: Texture pool is 1361 MB (70% of 1945 MB)
[2016.11.13-06.55.57:662][  0]LogD3D11RHI: Async texture creation enabled
[2016.11.13-06.55.57:675][  0]LogShaderCompilers: Guid format shader working directory is 15 characters bigger than the processId version (../../../../../../Users/jsoba/OneDrive/Documentos/Unreal Projects/Elevador/Intermediate/Shaders/WorkingDirectory/9356/).
[2016.11.13-06.55.57:675][  0]LogShaderCompilers: Cleaned the shader compiler working directory '../../../../../../Users/jsoba/OneDrive/Documentos/Unreal Projects/Elevador/Intermediate/Shaders/tmp/B05B29FC4C3C20E37439A2BA8462066E/'.
[2016.11.13-06.55.57:675][  0]LogShaderCompilers:Display: Using Local Shader Compiler.
[2016.11.13-06.55.58:703][  0]LogTemp:Display: Loaded TP AllDesktopTargetPlatform
[2016.11.13-06.55.58:708][  0]LogTemp:Display: Loaded TP WindowsClientTargetPlatform
[2016.11.13-06.55.58:714][  0]LogTemp:Display: Loaded TP WindowsNoEditorTargetPlatform
[2016.11.13-06.55.58:719][  0]LogTemp:Display: Loaded TP WindowsServerTargetPlatform
[2016.11.13-06.55.58:724][  0]LogTemp:Display: Loaded TP WindowsTargetPlatform
[2016.11.13-06.55.58:728][  0]LogTemp:Display: Loaded TP AndroidTargetPlatform
[2016.11.13-06.55.58:731][  0]LogTemp:Display: Loaded TP Android_ASTCTargetPlatform
[2016.11.13-06.55.58:734][  0]LogTemp:Display: Loaded TP Android_ATCTargetPlatform
[2016.11.13-06.55.58:737][  0]LogTemp:Display: Loaded TP Android_DXTTargetPlatform
[2016.11.13-06.55.58:741][  0]LogTemp:Display: Loaded TP Android_ETC1TargetPlatform
[2016.11.13-06.55.58:744][  0]LogTemp:Display: Loaded TP Android_ETC2TargetPlatform
[2016.11.13-06.55.58:748][  0]LogTemp:Display: Loaded TP Android_PVRTCTargetPlatform
[2016.11.13-06.55.58:749][  0]LogTemp:Display: Loaded TP HTML5TargetPlatform
[2016.11.13-06.55.58:766][  0]LogTemp:Display: Loaded TP IOSTargetPlatform
[2016.11.13-06.55.58:769][  0]LogTemp:Display: Loaded TP LinuxNoEditorTargetPlatform
[2016.11.13-06.55.58:772][  0]LogTemp:Display: Loaded TP LinuxServerTargetPlatform
[2016.11.13-06.55.58:776][  0]LogTemp:Display: Loaded TP LinuxTargetPlatform
[2016.11.13-06.55.58:776][  0]LogTargetPlatformManager:Display: Building Assets For Windows
[2016.11.13-06.55.58:865][  0]LogDerivedDataCache:Display: Max Cache Size: 512 MB
[2016.11.13-06.55.58:909][  0]LogDerivedDataCache: Loaded boot cache 0.04s 42MB C:/Users/jsoba/AppData/Local/UnrealEngine/4.9/DerivedDataCache/Boot.ddc.
[2016.11.13-06.55.58:909][  0]LogDerivedDataCache:Display: Loaded Boot cache: C:/Users/jsoba/AppData/Local/UnrealEngine/4.9/DerivedDataCache/Boot.ddc
[2016.11.13-06.55.58:909][  0]LogDerivedDataCache: FDerivedDataBackendGraph:  Pak pak cache file ../../../../../../Users/jsoba/OneDrive/Documentos/Unreal Projects/Elevador/DerivedDataCache/DDC.ddp not found, will not use a pak cache.
[2016.11.13-06.55.58:909][  0]LogDerivedDataCache: Unable to find inner node Pak for hierarchical cache Hierarchy.
[2016.11.13-06.55.58:910][  0]LogDerivedDataCache: FDerivedDataBackendGraph:  CompressedPak pak cache file ../../../../../../Users/jsoba/OneDrive/Documentos/Unreal Projects/Elevador/DerivedDataCache/Compressed.ddp not found, will not use a pak cache.
[2016.11.13-06.55.58:910][  0]LogDerivedDataCache: Unable to find inner node CompressedPak for hierarchical cache Hierarchy.
[2016.11.13-06.55.59:040][  0]LogDerivedDataCache:Display: Pak cache opened for reading ../../../Engine/DerivedDataCache/Compressed.ddp.
[2016.11.13-06.55.59:051][  0]LogDerivedDataCache: Using Local data cache path C:/Users/jsoba/AppData/Local/UnrealEngine/Common/DerivedDataCache: Writable
[2016.11.13-06.55.59:204][  0]LogInit: Selected Device Profile: [Windows]
[2016.11.13-06.55.59:206][  0]LogContentStreaming: Texture pool size is 1000.000000MB
[2016.11.13-06.55.59:316][  0]LogMeshUtilities: No automatic mesh reduction module available
[2016.11.13-06.55.59:316][  0]LogMeshUtilities: No automatic mesh merging module available
[2016.11.13-06.55.59:523][  0]LogInit: WinSock: version 1.1 (2.2), MaxSocks=32767, MaxUdp=65467
[2016.11.13-06.55.59:734][  0]LogWindowsMoviePlayer: Unable to load movie: ../../../../../../Users/jsoba/OneDrive/Documentos/Unreal Projects/Elevador/Content/Movies/Default_Startup.mp4
[2016.11.13-06.55.59:860][  0]SourceControl: Info Source control is disabled
[2016.11.13-06.55.59:861][  0]SourceControl: Info Source control is disabled
[2016.11.13-06.55.59:873][  0]SourceControl: Info Source control is disabled
[2016.11.13-06.55.59:975][  0]LogLinker:Warning: Asset '../../../Engine/Plugins/Runtime/LeapMotionController/Content/LM_PassthroughMaterial.uasset' has been saved with empty engine version. The asset will be loaded but may be incompatible.
[2016.11.13-06.56.00:063][  0]LogObj: 27672 objects as part of root set at end of initial load.
[2016.11.13-06.56.00:063][  0]LogUObjectAllocator: 5776280 out of 0 bytes used by permanent object pool.
[2016.11.13-06.56.00:113][  0]LogEngine: Initializing Engine...
[2016.11.13-06.56.00:116][  0]LogHMD: Can't find Oculus library dev build: is proper Runtime installed? Version: 0.7.0.0
[2016.11.13-06.56.00:116][  0]LogHMD: SteamVR failed to initialize.  Err: 110
[2016.11.13-06.56.00:210][  0]LogInit: XAudio2 using 'Speakers (Realtek High Definition Audio)' : 8 channels at 48 kHz using 32 bits per sample (channel mask 0x63f)
[2016.11.13-06.56.00:246][  0]LogInit: FAudioDevice initialized.
[2016.11.13-06.56.00:249][  0]LogInit: Texture streaming: Enabled
[2016.11.13-06.56.00:309][  0]LogNet: Browse: /Temp/Autosaves/Game/ThirdPersonBP/Maps/UEDPCThirdPersonExampleMap?Name=Player
[2016.11.13-06.56.00:311][  0]LogLoad: LoadMap: /Temp/Autosaves/Game/ThirdPersonBP/Maps/UEDPCThirdPersonExampleMap?Name=Player
[2016.11.13-06.56.00:320][  0]LogParticles: Destroying 0 GPU particle simulations for FXSystem 0x0000023A86F28720
[2016.11.13-06.56.00:330][  0]LogMemory: Platform Memory Stats for Windows
[2016.11.13-06.56.00:330][  0]LogMemory: Process Physical Memory: 391.91 MB used, 391.91 MB peak
[2016.11.13-06.56.00:330][  0]LogMemory: Process Virtual Memory: 453.47 MB used, 453.48 MB peak
[2016.11.13-06.56.00:330][  0]LogMemory: Physical Memory: 8466.88 MB used, 16299.20 MB total
[2016.11.13-06.56.00:330][  0]LogMemory: Virtual Memory: 1018.28 MB used, 134217728.00 MB total
[2016.11.13-06.56.00:330][  0]LogMemory: 
[2016.11.13-06.56.00:330][  0]Allocator Stats for TBB: (not implemented)
[2016.11.13-06.56.00:332][  0]LogLinker:Warning: Asset '../../../../../../Users/jsoba/OneDrive/Documentos/Unreal Projects/Elevador/Content/ThirdPersonBP/Blueprints/ThirdPersonCharacter.uasset' has been saved with empty engine version. The asset will be loaded but may be incompatible.
[2016.11.13-06.56.00:333][  0]LogLinker:Warning: Asset '../../../../../../Users/jsoba/OneDrive/Documentos/Unreal Projects/Elevador/Content/Mannequin/Animations/ThirdPerson_AnimBP.uasset' has been saved with empty engine version. The asset will be loaded but may be incompatible.
[2016.11.13-06.56.00:335][  0]LogLinker:Warning: Asset '../../../../../../Users/jsoba/OneDrive/Documentos/Unreal Projects/Elevador/Content/Mannequin/Animations/ThirdPerson_Jump.uasset' has been saved with empty engine version. The asset will be loaded but may be incompatible.
[2016.11.13-06.56.00:336][  0]LogLinker:Warning: Asset '../../../../../../Users/jsoba/OneDrive/Documentos/Unreal Projects/Elevador/Content/Mannequin/Animations/ThirdPersonJump_Loop.uasset' has been saved with empty engine version. The asset will be loaded but may be incompatible.
[2016.11.13-06.56.00:336][  0]LogLinker:Warning: Asset '../../../../../../Users/jsoba/OneDrive/Documentos/Unreal Projects/Elevador/Content/Mannequin/Animations/ThirdPersonJump_Start.uasset' has been saved with empty engine version. The asset will be loaded but may be incompatible.
[2016.11.13-06.56.00:337][  0]LogLinker:Warning: Asset '../../../../../../Users/jsoba/OneDrive/Documentos/Unreal Projects/Elevador/Content/Mannequin/Animations/ThirdPerson_IdleRun_2D.uasset' has been saved with empty engine version. The asset will be loaded but may be incompatible.
[2016.11.13-06.56.00:392][  0]LogLinker:Warning: Asset '../../../../../../Users/jsoba/OneDrive/Documentos/Unreal Projects/Elevador/Content/Mannequin/Animations/ThirdPersonIdle.uasset' has been saved with empty engine version. The asset will be loaded but may be incompatible.
[2016.11.13-06.56.00:392][  0]LogLinker:Warning: Asset '../../../../../../Users/jsoba/OneDrive/Documentos/Unreal Projects/Elevador/Content/Mannequin/Animations/ThirdPersonWalk.uasset' has been saved with empty engine version. The asset will be loaded but may be incompatible.
[2016.11.13-06.56.00:393][  0]LogLinker:Warning: Asset '../../../../../../Users/jsoba/OneDrive/Documentos/Unreal Projects/Elevador/Content/Mannequin/Animations/ThirdPersonRun.uasset' has been saved with empty engine version. The asset will be loaded but may be incompatible.
[2016.11.13-06.56.00:420][  0]LogLinker:Warning: CreateImport: Failed to load Outer for resource 'Arrow': ThirdPersonCharacter_C /Game/ThirdPersonBP/Blueprints/ThirdPersonCharacter.Default__ThirdPersonCharacter_C
[2016.11.13-06.56.00:654][  0]LogLinker:Warning: Can't find file '/Game/Low-Poly-Blue-Sky-4'
[2016.11.13-06.56.00:654][  0]LoadErrors: Info Failed to load /Game/Low-Poly-Blue-Sky-4.Low-Poly-Blue-Sky-4 Referenced by MaterialExpressionTextureSample_0
[2016.11.13-06.56.00:654][  0]LogUObjectGlobals:Warning: Failed to load '/Game/Low-Poly-Blue-Sky-4': Can't find file '/Game/Low-Poly-Blue-Sky-4'
[2016.11.13-06.56.00:654][  0]LogLinker:Warning: Can't find file for asset '/Game/Low-Poly-Blue-Sky-4' while loading NULL.
[2016.11.13-06.56.00:654][  0]LoadErrors: Info Failed to load /Game/Low-Poly-Blue-Sky-4.Low-Poly-Blue-Sky-4 Referenced by MaterialExpressionTextureSample_0
[2016.11.13-06.56.00:654][  0]LogUObjectGlobals:Warning: Failed to load '/Game/Low-Poly-Blue-Sky-4': Can't find file for asset '/Game/Low-Poly-Blue-Sky-4' while loading NULL.
[2016.11.13-06.56.00:655][  0]LogLinker:Warning: Can't find file '/Game/Low-Poly-Blue-Sky-4'
[2016.11.13-06.56.00:655][  0]LoadErrors: Info Failed to load /Game/Low-Poly-Blue-Sky-4.Low-Poly-Blue-Sky-4 Referenced by MaterialExpressionTextureSample_7
[2016.11.13-06.56.00:655][  0]LogUObjectGlobals:Warning: Failed to load '/Game/Low-Poly-Blue-Sky-4': Can't find file '/Game/Low-Poly-Blue-Sky-4'
[2016.11.13-06.56.00:655][  0]LogLinker:Warning: Can't find file for asset '/Game/Low-Poly-Blue-Sky-4' while loading NULL.
[2016.11.13-06.56.00:655][  0]LoadErrors: Info Failed to load /Game/Low-Poly-Blue-Sky-4.Low-Poly-Blue-Sky-4 Referenced by MaterialExpressionTextureSample_7
[2016.11.13-06.56.00:655][  0]LogUObjectGlobals:Warning: Failed to load '/Game/Low-Poly-Blue-Sky-4': Can't find file for asset '/Game/Low-Poly-Blue-Sky-4' while loading NULL.
[2016.11.13-06.56.00:862][  0]LogMaterial: Missing cached shader map for material M_Sky_Panning_Clouds2, compiling. 
[2016.11.13-06.56.00:862][  0]LogMaterial:Warning: Failed to compile Material /Engine/EngineSky/M_Sky_Panning_Clouds2.M_Sky_Panning_Clouds2 for platform PCD3D_SM5, Default Material will be used in game.
[2016.11.13-06.56.00:862][  0]LogMaterial:Warning: 	(Node TextureSample) TextureSample> Missing input texture
[2016.11.13-06.56.00:938][  0]LogAIModule: Creating AISystem for world ThirdPersonExampleMap
[2016.11.13-06.56.00:942][  0]LogWorld: Game class is 'ThirdPersonGameMode_C'
[2016.11.13-06.56.00:950][  0]LogWorld: Bringing World /Temp/Autosaves/Game/ThirdPersonBP/Maps/UEDPCThirdPersonExampleMap.ThirdPersonExampleMap up for play (max tick rate 0) at 2016.11.13-01.56.00
[2016.11.13-06.56.00:950][  0]LogWorld: Bringing up level for play took: 0.008033
[2016.11.13-06.56.00:951][  0]LogInit:Display: Game Engine Initialized.
[2016.11.13-06.56.01:170][  0]LogLoad: Full Startup: 4.89 seconds (BP compile: 0.10 seconds)
[2016.11.13-06.56.01:187][  0]LogWindowsTextInputMethodSystem:Display: IME system now deactivated.
[2016.11.13-06.56.01:282][  2]LogRenderer: Reallocating scene render targets to support 1280x720 (Frame:2).
[2016.11.13-06.56.18:910][ 90]LogWindowsTextInputMethodSystem:Display: IME system now deactivated.
[2016.11.13-06.56.18:921][ 90]LogEngine: All Windows Closed
[2016.11.13-06.56.18:921][ 90]LogWindows: FPlatformMisc::RequestExit(0)
[2016.11.13-06.56.19:128][ 91]LogExit: Preparing to exit.
[2016.11.13-06.56.19:260][ 91]LogExit: Game engine shut down
[2016.11.13-06.56.19:261][ 91]LogParticles: Destroying 0 GPU particle simulations for FXSystem 0x0000023A8F9559E0
[2016.11.13-06.56.19:358][ 91]LogExit: Object subsystem successfully closed.
[2016.11.13-06.56.19:372][ 91]LogD3D11RHI: Shutdown
[2016.11.13-06.56.19:372][ 91]LogD3D11RHI: CleanupD3DDevice
[2016.11.13-06.56.19:421][ 91]LogD3D11RHI: ~FD3D11DynamicRHI
[2016.11.13-06.56.19:435][ 91]LogModuleManager: Shutting down and abandoning module AndroidDeviceDetection (115)
[2016.11.13-06.56.20:256][ 91]LogModuleManager: Shutting down and abandoning module AutomationController (114)
[2016.11.13-06.56.20:256][ 91]LogModuleManager: Shutting down and abandoning module AutomationWorker (113)
[2016.11.13-06.56.20:256][ 91]LogModuleManager: Shutting down and abandoning module CharacterAI (112)
[2016.11.13-06.56.20:256][ 91]LogModuleManager: Shutting down and abandoning module AITestSuite (111)
[2016.11.13-06.56.20:256][ 91]LogModuleManager: Shutting down and abandoning module GameplayDebugger (110)
[2016.11.13-06.56.20:256][ 91]LogModuleManager: Shutting down and abandoning module AIModule (109)
[2016.11.13-06.56.20:256][ 91]LogModuleManager: Shutting down and abandoning module GameLiveStreaming (108)
[2016.11.13-06.56.20:256][ 91]LogModuleManager: Shutting down and abandoning module StreamingPauseRendering (107)
[2016.11.13-06.56.20:256][ 91]LogModuleManager: Shutting down and abandoning module ProfilerService (106)
[2016.11.13-06.56.20:351][ 91]LogModuleManager: Shutting down and abandoning module TaskGraph (105)
[2016.11.13-06.56.20:351][ 91]LogModuleManager: Shutting down and abandoning module SlateRemote (104)
[2016.11.13-06.56.20:351][ 91]LogModuleManager: Shutting down and abandoning module SteamVRController (103)
[2016.11.13-06.56.20:351][ 91]LogModuleManager: Shutting down and abandoning module SteamVR (102)
[2016.11.13-06.56.20:351][ 91]LogModuleManager: Shutting down and abandoning module ProceduralMeshComponent (101)
[2016.11.13-06.56.20:351][ 91]LogModuleManager: Shutting down and abandoning module OculusRift (100)
[2016.11.13-06.56.20:351][ 91]LogModuleManager: Shutting down and abandoning module OculusLibrary (99)
[2016.11.13-06.56.20:351][ 91]LogModuleManager: Shutting down and abandoning module LeapMotionController (98)
[2016.11.13-06.56.20:381][ 91]LogModuleManager: Shutting down and abandoning module CustomMeshComponent (97)
[2016.11.13-06.56.20:381][ 91]LogModuleManager: Shutting down and abandoning module CableComponent (96)
[2016.11.13-06.56.20:381][ 91]LogModuleManager: Shutting down and abandoning module ArchVisCharacter (95)
[2016.11.13-06.56.20:381][ 91]LogModuleManager: Shutting down and abandoning module HTML5Networking (94)
[2016.11.13-06.56.20:381][ 91]LogModuleManager: Shutting down and abandoning module DesktopPlatform (93)
[2016.11.13-06.56.20:381][ 91]LogModuleManager: Shutting down and abandoning module DirectoryWatcher (92)
[2016.11.13-06.56.20:381][ 91]LogModuleManager: Shutting down and abandoning module HotReload (91)
[2016.11.13-06.56.20:381][ 91]LogModuleManager: Shutting down and abandoning module VisualStudioSourceCodeAccess (90)
[2016.11.13-06.56.20:381][ 91]LogModuleManager: Shutting down and abandoning module UObjectPlugin (89)
[2016.11.13-06.56.20:381][ 91]LogModuleManager: Shutting down and abandoning module SubversionSourceControl (88)
[2016.11.13-06.56.20:382][ 91]LogModuleManager: Shutting down and abandoning module SourceControl (87)
[2016.11.13-06.56.20:382][ 91]LogModuleManager: Shutting down and abandoning module PerforceSourceControl (86)
[2016.11.13-06.56.20:382][ 91]LogModuleManager: Shutting down and abandoning module UdpMessaging (85)
[2016.11.13-06.56.20:382][ 91]LogModuleManager: Shutting down and abandoning module LightPropagationVolumeRuntime (84)
[2016.11.13-06.56.20:382][ 91]LogModuleManager: Shutting down and abandoning module Paper2D (83)
[2016.11.13-06.56.20:382][ 91]LogModuleManager: Shutting down and abandoning module WindowsMoviePlayer (82)
[2016.11.13-06.56.20:384][ 91]LogModuleManager: Shutting down and abandoning module Media (81)
[2016.11.13-06.56.20:384][ 91]LogModuleManager: Shutting down and abandoning module WmfMedia (80)
[2016.11.13-06.56.20:384][ 91]LogModuleManager: Shutting down and abandoning module OnlineBlueprintSupport (79)
[2016.11.13-06.56.20:384][ 91]LogModuleManager: Shutting down and abandoning module GameplayTasksEditor (78)
[2016.11.13-06.56.20:384][ 91]LogModuleManager: Shutting down and abandoning module PropertyEditor (77)
[2016.11.13-06.56.20:384][ 91]LogModuleManager: Shutting down and abandoning module BehaviorTreeEditor (76)
[2016.11.13-06.56.20:384][ 91]LogModuleManager: Shutting down and abandoning module FunctionalTesting (75)
[2016.11.13-06.56.20:384][ 91]LogModuleManager: Shutting down and abandoning module CollisionAnalyzer (74)
[2016.11.13-06.56.20:384][ 91]LogModuleManager: Shutting down and abandoning module WorkspaceMenuStructure (73)
[2016.11.13-06.56.20:384][ 91]LogModuleManager: Shutting down and abandoning module MessageLog (72)
[2016.11.13-06.56.20:384][ 91]LogModuleManager: Shutting down and abandoning module Sequencer (71)
[2016.11.13-06.56.20:384][ 91]LogModuleManager: Shutting down and abandoning module AssetTools (70)
[2016.11.13-06.56.20:384][ 91]LogModuleManager: Shutting down and abandoning module UMGEditor (69)
[2016.11.13-06.56.20:384][ 91]LogModuleManager: Shutting down and abandoning module UMG (68)
[2016.11.13-06.56.20:384][ 91]LogModuleManager: Shutting down and abandoning module Slate (67)
[2016.11.13-06.56.20:384][ 91]LogModuleManager: Shutting down and abandoning module EditorStyle (66)
[2016.11.13-06.56.20:386][ 91]LogModuleManager: Shutting down and abandoning module SessionServices (65)
[2016.11.13-06.56.20:386][ 91]LogModuleManager: Shutting down and abandoning module SourceCodeAccess (64)
[2016.11.13-06.56.20:386][ 91]LogModuleManager: Shutting down and abandoning module HeadMountedDisplay (63)
[2016.11.13-06.56.20:386][ 91]LogModuleManager: Shutting down and abandoning module XAudio2 (62)
[2016.11.13-06.56.20:386][ 91]LogModuleManager: Shutting down and abandoning module Networking (60)
[2016.11.13-06.56.20:386][ 91]LogModuleManager: Shutting down and abandoning module Core (59)
[2016.11.13-06.56.20:386][ 91]LogModuleManager: Shutting down and abandoning module KismetCompiler (58)
[2016.11.13-06.56.20:386][ 91]LogModuleManager: Shutting down and abandoning module PhysXFormats (57)
[2016.11.13-06.56.20:386][ 91]LogModuleManager: Shutting down and abandoning module MeshUtilities (56)
[2016.11.13-06.56.20:386][ 91]LogModuleManager: Shutting down and abandoning module CookingStats (55)
[2016.11.13-06.56.20:386][ 91]LogModuleManager: Shutting down and abandoning module DerivedDataCache (54)
[2016.11.13-06.56.20:567][ 91]LogDerivedDataCache: Shutdown
[2016.11.13-06.56.20:567][ 91]LogModuleManager: Shutting down and abandoning module ShaderFormatOpenGL (53)
[2016.11.13-06.56.20:567][ 91]LogModuleManager: Shutting down and abandoning module ShaderFormatD3D (52)
[2016.11.13-06.56.20:567][ 91]LogModuleManager: Shutting down and abandoning module MetalShaderFormat (51)
[2016.11.13-06.56.20:567][ 91]LogModuleManager: Shutting down and abandoning module TextureFormatUncompressed (50)
[2016.11.13-06.56.20:567][ 91]LogModuleManager: Shutting down and abandoning module TextureFormatPVR (49)
[2016.11.13-06.56.20:567][ 91]LogModuleManager: Shutting down and abandoning module TextureFormatIntelISPCTexComp (48)
[2016.11.13-06.56.20:567][ 91]LogModuleManager: Shutting down and abandoning module TextureFormatDXT (47)
[2016.11.13-06.56.20:567][ 91]LogModuleManager: Shutting down and abandoning module ImageWrapper (46)
[2016.11.13-06.56.20:567][ 91]LogModuleManager: Shutting down and abandoning module TextureFormatASTC (45)
[2016.11.13-06.56.20:567][ 91]LogModuleManager: Shutting down and abandoning module TextureFormatAndroid (44)
[2016.11.13-06.56.20:567][ 91]LogModuleManager: Shutting down and abandoning module AudioFormatOpus (43)
[2016.11.13-06.56.20:567][ 91]LogModuleManager: Shutting down and abandoning module AudioFormatOgg (42)
[2016.11.13-06.56.20:567][ 91]LogModuleManager: Shutting down and abandoning module AudioFormatADPCM (41)
[2016.11.13-06.56.20:567][ 91]LogModuleManager: Shutting down and abandoning module LinuxTargetPlatform (40)
[2016.11.13-06.56.20:567][ 91]LogModuleManager: Shutting down and abandoning module LinuxServerTargetPlatform (39)
[2016.11.13-06.56.20:567][ 91]LogModuleManager: Shutting down and abandoning module LinuxNoEditorTargetPlatform (38)
[2016.11.13-06.56.20:567][ 91]LogModuleManager: Shutting down and abandoning module Messaging (37)
[2016.11.13-06.56.20:567][ 91]LogModuleManager: Shutting down and abandoning module IOSTargetPlatform (36)
[2016.11.13-06.56.20:567][ 91]LogModuleManager: Shutting down and abandoning module HTML5TargetPlatform (35)
[2016.11.13-06.56.20:567][ 91]LogModuleManager: Shutting down and abandoning module Android_PVRTCTargetPlatform (34)
[2016.11.13-06.56.20:567][ 91]LogModuleManager: Shutting down and abandoning module Android_ETC2TargetPlatform (33)
[2016.11.13-06.56.20:567][ 91]LogModuleManager: Shutting down and abandoning module Android_ETC1TargetPlatform (32)
[2016.11.13-06.56.20:567][ 91]LogModuleManager: Shutting down and abandoning module Android_DXTTargetPlatform (31)
[2016.11.13-06.56.20:567][ 91]LogModuleManager: Shutting down and abandoning module Android_ATCTargetPlatform (30)
[2016.11.13-06.56.20:567][ 91]LogModuleManager: Shutting down and abandoning module Android_ASTCTargetPlatform (29)
[2016.11.13-06.56.20:567][ 91]LogModuleManager: Shutting down and abandoning module AndroidTargetPlatform (28)
[2016.11.13-06.56.20:567][ 91]LogModuleManager: Shutting down and abandoning module WindowsTargetPlatform (27)
[2016.11.13-06.56.20:567][ 91]LogModuleManager: Shutting down and abandoning module WindowsServerTargetPlatform (26)
[2016.11.13-06.56.20:567][ 91]LogModuleManager: Shutting down and abandoning module WindowsNoEditorTargetPlatform (25)
[2016.11.13-06.56.20:567][ 91]LogModuleManager: Shutting down and abandoning module WindowsClientTargetPlatform (24)
[2016.11.13-06.56.20:567][ 91]LogModuleManager: Shutting down and abandoning module AllDesktopTargetPlatform (23)
[2016.11.13-06.56.20:567][ 91]LogModuleManager: Shutting down and abandoning module TargetPlatform (22)
[2016.11.13-06.56.20:567][ 91]LogModuleManager: Shutting down and abandoning module InputCore (21)
[2016.11.13-06.56.20:567][ 91]LogModuleManager: Shutting down and abandoning module Settings (20)
[2016.11.13-06.56.20:567][ 91]LogModuleManager: Shutting down and abandoning module OnlineSubsystem (18)
[2016.11.13-06.56.20:567][ 91]LogModuleManager: Shutting down and abandoning module HTTP (17)
[2016.11.13-06.56.20:567][ 91]LogModuleManager: Shutting down and abandoning module XMPP (16)
[2016.11.13-06.56.20:567][ 91]LogModuleManager: Shutting down and abandoning module ExampleDeviceProfileSelector (15)
[2016.11.13-06.56.20:567][ 91]LogModuleManager: Shutting down and abandoning module TextureCompressor (14)
[2016.11.13-06.56.20:567][ 91]LogModuleManager: Shutting down and abandoning module ShaderCore (13)
[2016.11.13-06.56.20:568][ 91]LogModuleManager: Shutting down and abandoning module Landscape (12)
[2016.11.13-06.56.20:568][ 91]LogModuleManager: Shutting down and abandoning module SlateRHIRenderer (11)
[2016.11.13-06.56.20:568][ 91]LogModuleManager: Shutting down and abandoning module OpenGLDrv (10)
[2016.11.13-06.56.20:568][ 91]LogModuleManager: Shutting down and abandoning module D3D11RHI (9)
[2016.11.13-06.56.20:568][ 91]LogModuleManager: Shutting down and abandoning module AnimGraphRuntime (8)
[2016.11.13-06.56.20:568][ 91]LogModuleManager: Shutting down and abandoning module Renderer (7)
[2016.11.13-06.56.20:568][ 91]LogModuleManager: Shutting down and abandoning module Engine (6)
[2016.11.13-06.56.20:568][ 91]LogModuleManager: Shutting down and abandoning module CoreUObject (5)
[2016.11.13-06.56.20:568][ 91]LogModuleManager: Shutting down and abandoning module NetworkFile (4)
[2016.11.13-06.56.20:568][ 91]LogModuleManager: Shutting down and abandoning module StreamingFile (3)
[2016.11.13-06.56.20:568][ 91]LogModuleManager: Shutting down and abandoning module SandboxFile (2)
[2016.11.13-06.56.20:568][ 91]LogModuleManager: Shutting down and abandoning module PakFile (1)
[2016.11.13-06.56.20:568][ 91]LogExit: Exiting.
[2016.11.13-06.56.20:569][ 91]Log file closed, 11/13/16 01:56:20
