[2016.11.13-06.40.55:735][  0]Log file open, 11/13/16 01:40:55
[2016.11.13-06.40.55:735][  0]LogInit:Display: Running engine for game: Elevador
[2016.11.13-06.40.55:735][  0]LogInit:Display: RandInit(-1807097984) SRandInit(-1807097984).
[2016.11.13-06.40.55:735][  0]LogTaskGraph: Started task graph with 4 named threads and 7 total threads.
[2016.11.13-06.40.55:735][  0]LogStats: Stats thread started at 0.082418
[2016.11.13-06.40.55:735][  0]LogInit: Version: 4.9.2-2707645+++depot+UE4-Releases+4.9
[2016.11.13-06.40.55:735][  0]LogInit: API Version: 2672455
[2016.11.13-06.40.55:735][  0]LogInit: Compiled (64-bit): Sep 28 2015 10:25:44
[2016.11.13-06.40.55:735][  0]LogInit: Compiled with Visual C++: 18.00.21005.01
[2016.11.13-06.40.55:735][  0]LogInit: Build Configuration: Development
[2016.11.13-06.40.55:735][  0]LogInit: Branch Name: ++depot+UE4-Releases+4.9
[2016.11.13-06.40.55:735][  0]LogInit: Command line:  /Temp/Autosaves/Game/ThirdPersonBP/Maps/UEDPCThirdPersonExampleMap -game -PIEVIACONSOLE -ResX=1280 -ResY=720  -Multiprocess 
[2016.11.13-06.40.55:735][  0]LogInit: Base directory: C:/Program Files/Epic Games/4.9/Engine/Binaries/Win64/
[2016.11.13-06.40.55:735][  0]LogInit: Rocket: 1
[2016.11.13-06.40.55:747][  0]LogInit: Using libcurl 7.41.0
[2016.11.13-06.40.55:747][  0]LogInit:  - built for x86_64-pc-win32
[2016.11.13-06.40.55:747][  0]LogInit:  - supports SSL with WinSSL
[2016.11.13-06.40.55:747][  0]LogInit:  - other features:
[2016.11.13-06.40.55:747][  0]LogInit:      CURL_VERSION_SSL
[2016.11.13-06.40.55:747][  0]LogInit:      CURL_VERSION_IPV6
[2016.11.13-06.40.55:747][  0]LogInit:      CURL_VERSION_ASYNCHDNS
[2016.11.13-06.40.55:747][  0]LogInit:      CURL_VERSION_LARGEFILE
[2016.11.13-06.40.55:747][  0]LogInit:      CURL_VERSION_IDN
[2016.11.13-06.40.55:747][  0]LogInit:  CurlRequestOptions (configurable via config and command line):
[2016.11.13-06.40.55:747][  0]LogInit:  - bVerifyPeer = true  - Libcurl will verify peer certificate
[2016.11.13-06.40.55:747][  0]LogInit:  - bUseHttpProxy = false  - Libcurl will NOT use HTTP proxy
[2016.11.13-06.40.55:747][  0]LogInit:  - bDontReuseConnections = false  - Libcurl will reuse connections
[2016.11.13-06.40.55:747][  0]LogInit:  - CertBundlePath = nullptr  - Libcurl will use whatever was configured at build time.
[2016.11.13-06.40.55:755][  0]LogInit: Presizing for 0 objects not considered by GC, pre-allocating 0 bytes.
[2016.11.13-06.40.55:761][  0]LogInit: Object subsystem initialized
[2016.11.13-06.40.55:763][  0]LogInit: Selected Device Profile: [Windows]
[2016.11.13-06.40.55:763][  0]LogInit: Applying CVar settings loaded from the selected device profile: [Windows]
[2016.11.13-06.40.55:765][  0]LogInit: Computer: MSI
[2016.11.13-06.40.55:765][  0]LogInit: User: jsoba
[2016.11.13-06.40.55:765][  0]LogInit: CPU Page size=4096, Cores=4
[2016.11.13-06.40.55:765][  0]LogInit: High frequency timer resolution =2.630615 MHz
[2016.11.13-06.40.55:765][  0]LogMemory: Memory total: Physical=15.9GB (16GB approx)
[2016.11.13-06.40.55:766][  0]LogMemory: Platform Memory Stats for Windows
[2016.11.13-06.40.55:766][  0]LogMemory: Process Physical Memory: 54.38 MB used, 54.38 MB peak
[2016.11.13-06.40.55:766][  0]LogMemory: Process Virtual Memory: 55.46 MB used, 55.46 MB peak
[2016.11.13-06.40.55:766][  0]LogMemory: Physical Memory: 8014.86 MB used, 16299.20 MB total
[2016.11.13-06.40.55:766][  0]LogMemory: Virtual Memory: 369.84 MB used, 134217728.00 MB total
[2016.11.13-06.40.56:253][  0]LogTextLocalizationManager: No specific translations for ('en-US') exist, so ('en') translations will be used.
[2016.11.13-06.40.56:861][  0]LogD3D11RHI: Found D3D11 adapter 0: NVIDIA GeForce GTX 970M        (Feature Level 11_0)
[2016.11.13-06.40.56:861][  0]LogD3D11RHI: Adapter has 2991MB of dedicated video memory, 0MB of dedicated system memory, and 8149MB of shared system memory, 1 output[s]
[2016.11.13-06.40.56:865][  0]LogD3D11RHI: Found D3D11 adapter 1: Intel(R) HD Graphics 5600 (Feature Level 11_0)
[2016.11.13-06.40.56:865][  0]LogD3D11RHI: Adapter has 128MB of dedicated video memory, 0MB of dedicated system memory, and 8149MB of shared system memory, 0 output[s]
[2016.11.13-06.40.56:866][  0]LogD3D11RHI: Found D3D11 adapter 2: Microsoft Basic Render Driver (Feature Level 11_0)
[2016.11.13-06.40.56:866][  0]LogD3D11RHI: Adapter has 0MB of dedicated video memory, 0MB of dedicated system memory, and 8149MB of shared system memory, 0 output[s]
[2016.11.13-06.40.56:866][  0]LogD3D11RHI: Chosen D3D11 Adapter Id = 0
[2016.11.13-06.40.56:873][  0]LogD3D11RHI: !Direct3DDevice
[2016.11.13-06.40.56:873][  0]LogRHI: Texture pool is 1361 MB (70% of 1945 MB)
[2016.11.13-06.40.56:888][  0]LogD3D11RHI: Async texture creation enabled
[2016.11.13-06.40.56:900][  0]LogShaderCompilers: Guid format shader working directory is 14 characters bigger than the processId version (../../../../../../Users/jsoba/OneDrive/Documentos/Unreal Projects/Elevador/Intermediate/Shaders/WorkingDirectory/11600/).
[2016.11.13-06.40.56:900][  0]LogShaderCompilers: Cleaned the shader compiler working directory '../../../../../../Users/jsoba/OneDrive/Documentos/Unreal Projects/Elevador/Intermediate/Shaders/tmp/1A45F7D24D7D599F6D6E929C167EECF6/'.
[2016.11.13-06.40.56:900][  0]LogShaderCompilers:Display: Using Local Shader Compiler.
[2016.11.13-06.40.57:944][  0]LogTemp:Display: Loaded TP AllDesktopTargetPlatform
[2016.11.13-06.40.57:949][  0]LogTemp:Display: Loaded TP WindowsClientTargetPlatform
[2016.11.13-06.40.57:954][  0]LogTemp:Display: Loaded TP WindowsNoEditorTargetPlatform
[2016.11.13-06.40.57:959][  0]LogTemp:Display: Loaded TP WindowsServerTargetPlatform
[2016.11.13-06.40.57:965][  0]LogTemp:Display: Loaded TP WindowsTargetPlatform
[2016.11.13-06.40.57:968][  0]LogTemp:Display: Loaded TP AndroidTargetPlatform
[2016.11.13-06.40.57:971][  0]LogTemp:Display: Loaded TP Android_ASTCTargetPlatform
[2016.11.13-06.40.57:975][  0]LogTemp:Display: Loaded TP Android_ATCTargetPlatform
[2016.11.13-06.40.57:978][  0]LogTemp:Display: Loaded TP Android_DXTTargetPlatform
[2016.11.13-06.40.57:981][  0]LogTemp:Display: Loaded TP Android_ETC1TargetPlatform
[2016.11.13-06.40.57:984][  0]LogTemp:Display: Loaded TP Android_ETC2TargetPlatform
[2016.11.13-06.40.57:988][  0]LogTemp:Display: Loaded TP Android_PVRTCTargetPlatform
[2016.11.13-06.40.57:989][  0]LogTemp:Display: Loaded TP HTML5TargetPlatform
[2016.11.13-06.40.58:006][  0]LogTemp:Display: Loaded TP IOSTargetPlatform
[2016.11.13-06.40.58:009][  0]LogTemp:Display: Loaded TP LinuxNoEditorTargetPlatform
[2016.11.13-06.40.58:012][  0]LogTemp:Display: Loaded TP LinuxServerTargetPlatform
[2016.11.13-06.40.58:017][  0]LogTemp:Display: Loaded TP LinuxTargetPlatform
[2016.11.13-06.40.58:017][  0]LogTargetPlatformManager:Display: Building Assets For Windows
[2016.11.13-06.40.58:108][  0]LogDerivedDataCache:Display: Max Cache Size: 512 MB
[2016.11.13-06.40.58:153][  0]LogDerivedDataCache: Loaded boot cache 0.04s 42MB C:/Users/jsoba/AppData/Local/UnrealEngine/4.9/DerivedDataCache/Boot.ddc.
[2016.11.13-06.40.58:153][  0]LogDerivedDataCache:Display: Loaded Boot cache: C:/Users/jsoba/AppData/Local/UnrealEngine/4.9/DerivedDataCache/Boot.ddc
[2016.11.13-06.40.58:153][  0]LogDerivedDataCache: FDerivedDataBackendGraph:  Pak pak cache file ../../../../../../Users/jsoba/OneDrive/Documentos/Unreal Projects/Elevador/DerivedDataCache/DDC.ddp not found, will not use a pak cache.
[2016.11.13-06.40.58:153][  0]LogDerivedDataCache: Unable to find inner node Pak for hierarchical cache Hierarchy.
[2016.11.13-06.40.58:153][  0]LogDerivedDataCache: FDerivedDataBackendGraph:  CompressedPak pak cache file ../../../../../../Users/jsoba/OneDrive/Documentos/Unreal Projects/Elevador/DerivedDataCache/Compressed.ddp not found, will not use a pak cache.
[2016.11.13-06.40.58:153][  0]LogDerivedDataCache: Unable to find inner node CompressedPak for hierarchical cache Hierarchy.
[2016.11.13-06.40.58:287][  0]LogDerivedDataCache:Display: Pak cache opened for reading ../../../Engine/DerivedDataCache/Compressed.ddp.
[2016.11.13-06.40.58:298][  0]LogDerivedDataCache: Using Local data cache path C:/Users/jsoba/AppData/Local/UnrealEngine/Common/DerivedDataCache: Writable
[2016.11.13-06.40.58:446][  0]LogInit: Selected Device Profile: [Windows]
[2016.11.13-06.40.58:448][  0]LogContentStreaming: Texture pool size is 1000.000000MB
[2016.11.13-06.40.58:556][  0]LogMeshUtilities: No automatic mesh reduction module available
[2016.11.13-06.40.58:556][  0]LogMeshUtilities: No automatic mesh merging module available
[2016.11.13-06.40.58:758][  0]LogInit: WinSock: version 1.1 (2.2), MaxSocks=32767, MaxUdp=65467
[2016.11.13-06.40.58:950][  0]LogWindowsMoviePlayer: Unable to load movie: ../../../../../../Users/jsoba/OneDrive/Documentos/Unreal Projects/Elevador/Content/Movies/Default_Startup.mp4
[2016.11.13-06.40.59:061][  0]SourceControl: Info Source control is disabled
[2016.11.13-06.40.59:061][  0]SourceControl: Info Source control is disabled
[2016.11.13-06.40.59:074][  0]SourceControl: Info Source control is disabled
[2016.11.13-06.40.59:180][  0]LogLinker:Warning: Asset '../../../Engine/Plugins/Runtime/LeapMotionController/Content/LM_PassthroughMaterial.uasset' has been saved with empty engine version. The asset will be loaded but may be incompatible.
[2016.11.13-06.40.59:266][  0]LogObj: 27672 objects as part of root set at end of initial load.
[2016.11.13-06.40.59:266][  0]LogUObjectAllocator: 5776272 out of 0 bytes used by permanent object pool.
[2016.11.13-06.40.59:317][  0]LogEngine: Initializing Engine...
[2016.11.13-06.40.59:320][  0]LogHMD: Can't find Oculus library dev build: is proper Runtime installed? Version: 0.7.0.0
[2016.11.13-06.40.59:321][  0]LogHMD: SteamVR failed to initialize.  Err: 110
[2016.11.13-06.40.59:415][  0]LogInit: XAudio2 using 'Speakers (Realtek High Definition Audio)' : 8 channels at 48 kHz using 32 bits per sample (channel mask 0x63f)
[2016.11.13-06.40.59:451][  0]LogInit: FAudioDevice initialized.
[2016.11.13-06.40.59:455][  0]LogInit: Texture streaming: Enabled
[2016.11.13-06.40.59:514][  0]LogNet: Browse: /Temp/Autosaves/Game/ThirdPersonBP/Maps/UEDPCThirdPersonExampleMap?Name=Player
[2016.11.13-06.40.59:516][  0]LogLoad: LoadMap: /Temp/Autosaves/Game/ThirdPersonBP/Maps/UEDPCThirdPersonExampleMap?Name=Player
[2016.11.13-06.40.59:526][  0]LogParticles: Destroying 0 GPU particle simulations for FXSystem 0x0000027E7CBB4720
[2016.11.13-06.40.59:536][  0]LogMemory: Platform Memory Stats for Windows
[2016.11.13-06.40.59:536][  0]LogMemory: Process Physical Memory: 392.37 MB used, 392.37 MB peak
[2016.11.13-06.40.59:536][  0]LogMemory: Process Virtual Memory: 443.84 MB used, 443.84 MB peak
[2016.11.13-06.40.59:536][  0]LogMemory: Physical Memory: 8300.73 MB used, 16299.20 MB total
[2016.11.13-06.40.59:536][  0]LogMemory: Virtual Memory: 1008.90 MB used, 134217728.00 MB total
[2016.11.13-06.40.59:536][  0]LogMemory: 
[2016.11.13-06.40.59:536][  0]Allocator Stats for TBB: (not implemented)
[2016.11.13-06.40.59:537][  0]LogLinker:Warning: Asset '../../../../../../Users/jsoba/OneDrive/Documentos/Unreal Projects/Elevador/Content/ThirdPersonBP/Blueprints/ThirdPersonCharacter.uasset' has been saved with empty engine version. The asset will be loaded but may be incompatible.
[2016.11.13-06.40.59:539][  0]LogLinker:Warning: Asset '../../../../../../Users/jsoba/OneDrive/Documentos/Unreal Projects/Elevador/Content/Mannequin/Animations/ThirdPerson_AnimBP.uasset' has been saved with empty engine version. The asset will be loaded but may be incompatible.
[2016.11.13-06.40.59:541][  0]LogLinker:Warning: Asset '../../../../../../Users/jsoba/OneDrive/Documentos/Unreal Projects/Elevador/Content/Mannequin/Animations/ThirdPerson_Jump.uasset' has been saved with empty engine version. The asset will be loaded but may be incompatible.
[2016.11.13-06.40.59:542][  0]LogLinker:Warning: Asset '../../../../../../Users/jsoba/OneDrive/Documentos/Unreal Projects/Elevador/Content/Mannequin/Animations/ThirdPersonJump_Loop.uasset' has been saved with empty engine version. The asset will be loaded but may be incompatible.
[2016.11.13-06.40.59:542][  0]LogLinker:Warning: Asset '../../../../../../Users/jsoba/OneDrive/Documentos/Unreal Projects/Elevador/Content/Mannequin/Animations/ThirdPersonJump_Start.uasset' has been saved with empty engine version. The asset will be loaded but may be incompatible.
[2016.11.13-06.40.59:543][  0]LogLinker:Warning: Asset '../../../../../../Users/jsoba/OneDrive/Documentos/Unreal Projects/Elevador/Content/Mannequin/Animations/ThirdPerson_IdleRun_2D.uasset' has been saved with empty engine version. The asset will be loaded but may be incompatible.
[2016.11.13-06.40.59:595][  0]LogLinker:Warning: Asset '../../../../../../Users/jsoba/OneDrive/Documentos/Unreal Projects/Elevador/Content/Mannequin/Animations/ThirdPersonIdle.uasset' has been saved with empty engine version. The asset will be loaded but may be incompatible.
[2016.11.13-06.40.59:596][  0]LogLinker:Warning: Asset '../../../../../../Users/jsoba/OneDrive/Documentos/Unreal Projects/Elevador/Content/Mannequin/Animations/ThirdPersonWalk.uasset' has been saved with empty engine version. The asset will be loaded but may be incompatible.
[2016.11.13-06.40.59:596][  0]LogLinker:Warning: Asset '../../../../../../Users/jsoba/OneDrive/Documentos/Unreal Projects/Elevador/Content/Mannequin/Animations/ThirdPersonRun.uasset' has been saved with empty engine version. The asset will be loaded but may be incompatible.
[2016.11.13-06.40.59:624][  0]LogLinker:Warning: CreateImport: Failed to load Outer for resource 'Arrow': ThirdPersonCharacter_C /Game/ThirdPersonBP/Blueprints/ThirdPersonCharacter.Default__ThirdPersonCharacter_C
[2016.11.13-06.40.59:840][  0]LogLinker:Warning: Can't find file '/Game/Low-Poly-Blue-Sky-4'
[2016.11.13-06.40.59:840][  0]LoadErrors: Info Failed to load /Game/Low-Poly-Blue-Sky-4.Low-Poly-Blue-Sky-4 Referenced by MaterialExpressionTextureSample_0
[2016.11.13-06.40.59:840][  0]LogUObjectGlobals:Warning: Failed to load '/Game/Low-Poly-Blue-Sky-4': Can't find file '/Game/Low-Poly-Blue-Sky-4'
[2016.11.13-06.40.59:840][  0]LogLinker:Warning: Can't find file for asset '/Game/Low-Poly-Blue-Sky-4' while loading NULL.
[2016.11.13-06.40.59:840][  0]LoadErrors: Info Failed to load /Game/Low-Poly-Blue-Sky-4.Low-Poly-Blue-Sky-4 Referenced by MaterialExpressionTextureSample_0
[2016.11.13-06.40.59:840][  0]LogUObjectGlobals:Warning: Failed to load '/Game/Low-Poly-Blue-Sky-4': Can't find file for asset '/Game/Low-Poly-Blue-Sky-4' while loading NULL.
[2016.11.13-06.40.59:841][  0]LogLinker:Warning: Can't find file '/Game/Low-Poly-Blue-Sky-4'
[2016.11.13-06.40.59:841][  0]LoadErrors: Info Failed to load /Game/Low-Poly-Blue-Sky-4.Low-Poly-Blue-Sky-4 Referenced by MaterialExpressionTextureSample_7
[2016.11.13-06.40.59:841][  0]LogUObjectGlobals:Warning: Failed to load '/Game/Low-Poly-Blue-Sky-4': Can't find file '/Game/Low-Poly-Blue-Sky-4'
[2016.11.13-06.40.59:841][  0]LogLinker:Warning: Can't find file for asset '/Game/Low-Poly-Blue-Sky-4' while loading NULL.
[2016.11.13-06.40.59:841][  0]LoadErrors: Info Failed to load /Game/Low-Poly-Blue-Sky-4.Low-Poly-Blue-Sky-4 Referenced by MaterialExpressionTextureSample_7
[2016.11.13-06.40.59:841][  0]LogUObjectGlobals:Warning: Failed to load '/Game/Low-Poly-Blue-Sky-4': Can't find file for asset '/Game/Low-Poly-Blue-Sky-4' while loading NULL.
[2016.11.13-06.40.59:903][  0]LogMaterial: Missing cached shader map for material M_Sky_Panning_Clouds2, compiling. 
[2016.11.13-06.40.59:904][  0]LogMaterial:Warning: Failed to compile Material /Engine/EngineSky/M_Sky_Panning_Clouds2.M_Sky_Panning_Clouds2 for platform PCD3D_SM5, Default Material will be used in game.
[2016.11.13-06.40.59:904][  0]LogMaterial:Warning: 	(Node TextureSample) TextureSample> Missing input texture
[2016.11.13-06.41.00:160][  0]LogAIModule: Creating AISystem for world ThirdPersonExampleMap
[2016.11.13-06.41.00:163][  0]LogWorld: Game class is 'ThirdPersonGameMode_C'
[2016.11.13-06.41.00:172][  0]LogWorld: Bringing World /Temp/Autosaves/Game/ThirdPersonBP/Maps/UEDPCThirdPersonExampleMap.ThirdPersonExampleMap up for play (max tick rate 0) at 2016.11.13-01.41.00
[2016.11.13-06.41.00:173][  0]LogWorld: Bringing up level for play took: 0.008578
[2016.11.13-06.41.00:174][  0]LogInit:Display: Game Engine Initialized.
[2016.11.13-06.41.00:405][  0]LogLoad: Full Startup: 5.00 seconds (BP compile: 0.10 seconds)
[2016.11.13-06.41.00:422][  0]LogWindowsTextInputMethodSystem:Display: IME system now deactivated.
[2016.11.13-06.41.00:523][  2]LogRenderer: Reallocating scene render targets to support 1280x720 (Frame:2).
[2016.11.13-06.41.12:255][722]LogWindowsTextInputMethodSystem:Display: IME system now deactivated.
[2016.11.13-06.41.12:258][722]LogEngine: All Windows Closed
[2016.11.13-06.41.12:258][722]LogWindows: FPlatformMisc::RequestExit(0)
[2016.11.13-06.41.12:333][723]LogExit: Preparing to exit.
[2016.11.13-06.41.12:405][723]LogExit: Game engine shut down
[2016.11.13-06.41.12:407][723]LogParticles: Destroying 0 GPU particle simulations for FXSystem 0x0000027E7EFF3B00
[2016.11.13-06.41.12:521][723]LogExit: Object subsystem successfully closed.
[2016.11.13-06.41.12:533][723]LogD3D11RHI: Shutdown
[2016.11.13-06.41.12:533][723]LogD3D11RHI: CleanupD3DDevice
[2016.11.13-06.41.12:576][723]LogD3D11RHI: ~FD3D11DynamicRHI
[2016.11.13-06.41.12:588][723]LogModuleManager: Shutting down and abandoning module AndroidDeviceDetection (115)
[2016.11.13-06.41.13:448][723]LogModuleManager: Shutting down and abandoning module AutomationController (114)
[2016.11.13-06.41.13:448][723]LogModuleManager: Shutting down and abandoning module AutomationWorker (113)
[2016.11.13-06.41.13:448][723]LogModuleManager: Shutting down and abandoning module CharacterAI (112)
[2016.11.13-06.41.13:448][723]LogModuleManager: Shutting down and abandoning module AITestSuite (111)
[2016.11.13-06.41.13:448][723]LogModuleManager: Shutting down and abandoning module GameplayDebugger (110)
[2016.11.13-06.41.13:448][723]LogModuleManager: Shutting down and abandoning module AIModule (109)
[2016.11.13-06.41.13:448][723]LogModuleManager: Shutting down and abandoning module GameLiveStreaming (108)
[2016.11.13-06.41.13:449][723]LogModuleManager: Shutting down and abandoning module StreamingPauseRendering (107)
[2016.11.13-06.41.13:449][723]LogModuleManager: Shutting down and abandoning module ProfilerService (106)
[2016.11.13-06.41.13:546][723]LogModuleManager: Shutting down and abandoning module TaskGraph (105)
[2016.11.13-06.41.13:546][723]LogModuleManager: Shutting down and abandoning module SlateRemote (104)
[2016.11.13-06.41.13:546][723]LogModuleManager: Shutting down and abandoning module SteamVRController (103)
[2016.11.13-06.41.13:546][723]LogModuleManager: Shutting down and abandoning module SteamVR (102)
[2016.11.13-06.41.13:546][723]LogModuleManager: Shutting down and abandoning module ProceduralMeshComponent (101)
[2016.11.13-06.41.13:546][723]LogModuleManager: Shutting down and abandoning module OculusRift (100)
[2016.11.13-06.41.13:546][723]LogModuleManager: Shutting down and abandoning module OculusLibrary (99)
[2016.11.13-06.41.13:546][723]LogModuleManager: Shutting down and abandoning module LeapMotionController (98)
[2016.11.13-06.41.13:579][723]LogModuleManager: Shutting down and abandoning module CustomMeshComponent (97)
[2016.11.13-06.41.13:579][723]LogModuleManager: Shutting down and abandoning module CableComponent (96)
[2016.11.13-06.41.13:579][723]LogModuleManager: Shutting down and abandoning module ArchVisCharacter (95)
[2016.11.13-06.41.13:579][723]LogModuleManager: Shutting down and abandoning module HTML5Networking (94)
[2016.11.13-06.41.13:579][723]LogModuleManager: Shutting down and abandoning module DesktopPlatform (93)
[2016.11.13-06.41.13:579][723]LogModuleManager: Shutting down and abandoning module DirectoryWatcher (92)
[2016.11.13-06.41.13:579][723]LogModuleManager: Shutting down and abandoning module HotReload (91)
[2016.11.13-06.41.13:579][723]LogModuleManager: Shutting down and abandoning module VisualStudioSourceCodeAccess (90)
[2016.11.13-06.41.13:579][723]LogModuleManager: Shutting down and abandoning module UObjectPlugin (89)
[2016.11.13-06.41.13:579][723]LogModuleManager: Shutting down and abandoning module SubversionSourceControl (88)
[2016.11.13-06.41.13:579][723]LogModuleManager: Shutting down and abandoning module SourceControl (87)
[2016.11.13-06.41.13:579][723]LogModuleManager: Shutting down and abandoning module PerforceSourceControl (86)
[2016.11.13-06.41.13:579][723]LogModuleManager: Shutting down and abandoning module UdpMessaging (85)
[2016.11.13-06.41.13:579][723]LogModuleManager: Shutting down and abandoning module LightPropagationVolumeRuntime (84)
[2016.11.13-06.41.13:579][723]LogModuleManager: Shutting down and abandoning module Paper2D (83)
[2016.11.13-06.41.13:579][723]LogModuleManager: Shutting down and abandoning module WindowsMoviePlayer (82)
[2016.11.13-06.41.13:581][723]LogModuleManager: Shutting down and abandoning module Media (81)
[2016.11.13-06.41.13:581][723]LogModuleManager: Shutting down and abandoning module WmfMedia (80)
[2016.11.13-06.41.13:582][723]LogModuleManager: Shutting down and abandoning module OnlineBlueprintSupport (79)
[2016.11.13-06.41.13:582][723]LogModuleManager: Shutting down and abandoning module GameplayTasksEditor (78)
[2016.11.13-06.41.13:582][723]LogModuleManager: Shutting down and abandoning module PropertyEditor (77)
[2016.11.13-06.41.13:582][723]LogModuleManager: Shutting down and abandoning module BehaviorTreeEditor (76)
[2016.11.13-06.41.13:582][723]LogModuleManager: Shutting down and abandoning module FunctionalTesting (75)
[2016.11.13-06.41.13:582][723]LogModuleManager: Shutting down and abandoning module CollisionAnalyzer (74)
[2016.11.13-06.41.13:582][723]LogModuleManager: Shutting down and abandoning module WorkspaceMenuStructure (73)
[2016.11.13-06.41.13:582][723]LogModuleManager: Shutting down and abandoning module MessageLog (72)
[2016.11.13-06.41.13:582][723]LogModuleManager: Shutting down and abandoning module Sequencer (71)
[2016.11.13-06.41.13:582][723]LogModuleManager: Shutting down and abandoning module AssetTools (70)
[2016.11.13-06.41.13:582][723]LogModuleManager: Shutting down and abandoning module UMGEditor (69)
[2016.11.13-06.41.13:582][723]LogModuleManager: Shutting down and abandoning module UMG (68)
[2016.11.13-06.41.13:582][723]LogModuleManager: Shutting down and abandoning module Slate (67)
[2016.11.13-06.41.13:582][723]LogModuleManager: Shutting down and abandoning module EditorStyle (66)
[2016.11.13-06.41.13:584][723]LogModuleManager: Shutting down and abandoning module SessionServices (65)
[2016.11.13-06.41.13:584][723]LogModuleManager: Shutting down and abandoning module SourceCodeAccess (64)
[2016.11.13-06.41.13:584][723]LogModuleManager: Shutting down and abandoning module HeadMountedDisplay (63)
[2016.11.13-06.41.13:584][723]LogModuleManager: Shutting down and abandoning module XAudio2 (62)
[2016.11.13-06.41.13:584][723]LogModuleManager: Shutting down and abandoning module Networking (60)
[2016.11.13-06.41.13:584][723]LogModuleManager: Shutting down and abandoning module Core (59)
[2016.11.13-06.41.13:584][723]LogModuleManager: Shutting down and abandoning module KismetCompiler (58)
[2016.11.13-06.41.13:584][723]LogModuleManager: Shutting down and abandoning module PhysXFormats (57)
[2016.11.13-06.41.13:584][723]LogModuleManager: Shutting down and abandoning module MeshUtilities (56)
[2016.11.13-06.41.13:584][723]LogModuleManager: Shutting down and abandoning module CookingStats (55)
[2016.11.13-06.41.13:585][723]LogModuleManager: Shutting down and abandoning module DerivedDataCache (54)
[2016.11.13-06.41.13:844][723]LogDerivedDataCache: Shutdown
[2016.11.13-06.41.13:844][723]LogModuleManager: Shutting down and abandoning module ShaderFormatOpenGL (53)
[2016.11.13-06.41.13:844][723]LogModuleManager: Shutting down and abandoning module ShaderFormatD3D (52)
[2016.11.13-06.41.13:844][723]LogModuleManager: Shutting down and abandoning module MetalShaderFormat (51)
[2016.11.13-06.41.13:844][723]LogModuleManager: Shutting down and abandoning module TextureFormatUncompressed (50)
[2016.11.13-06.41.13:844][723]LogModuleManager: Shutting down and abandoning module TextureFormatPVR (49)
[2016.11.13-06.41.13:844][723]LogModuleManager: Shutting down and abandoning module TextureFormatIntelISPCTexComp (48)
[2016.11.13-06.41.13:844][723]LogModuleManager: Shutting down and abandoning module TextureFormatDXT (47)
[2016.11.13-06.41.13:844][723]LogModuleManager: Shutting down and abandoning module ImageWrapper (46)
[2016.11.13-06.41.13:844][723]LogModuleManager: Shutting down and abandoning module TextureFormatASTC (45)
[2016.11.13-06.41.13:844][723]LogModuleManager: Shutting down and abandoning module TextureFormatAndroid (44)
[2016.11.13-06.41.13:844][723]LogModuleManager: Shutting down and abandoning module AudioFormatOpus (43)
[2016.11.13-06.41.13:844][723]LogModuleManager: Shutting down and abandoning module AudioFormatOgg (42)
[2016.11.13-06.41.13:844][723]LogModuleManager: Shutting down and abandoning module AudioFormatADPCM (41)
[2016.11.13-06.41.13:844][723]LogModuleManager: Shutting down and abandoning module LinuxTargetPlatform (40)
[2016.11.13-06.41.13:844][723]LogModuleManager: Shutting down and abandoning module LinuxServerTargetPlatform (39)
[2016.11.13-06.41.13:844][723]LogModuleManager: Shutting down and abandoning module LinuxNoEditorTargetPlatform (38)
[2016.11.13-06.41.13:844][723]LogModuleManager: Shutting down and abandoning module Messaging (37)
[2016.11.13-06.41.13:844][723]LogModuleManager: Shutting down and abandoning module IOSTargetPlatform (36)
[2016.11.13-06.41.13:844][723]LogModuleManager: Shutting down and abandoning module HTML5TargetPlatform (35)
[2016.11.13-06.41.13:844][723]LogModuleManager: Shutting down and abandoning module Android_PVRTCTargetPlatform (34)
[2016.11.13-06.41.13:844][723]LogModuleManager: Shutting down and abandoning module Android_ETC2TargetPlatform (33)
[2016.11.13-06.41.13:844][723]LogModuleManager: Shutting down and abandoning module Android_ETC1TargetPlatform (32)
[2016.11.13-06.41.13:844][723]LogModuleManager: Shutting down and abandoning module Android_DXTTargetPlatform (31)
[2016.11.13-06.41.13:844][723]LogModuleManager: Shutting down and abandoning module Android_ATCTargetPlatform (30)
[2016.11.13-06.41.13:844][723]LogModuleManager: Shutting down and abandoning module Android_ASTCTargetPlatform (29)
[2016.11.13-06.41.13:844][723]LogModuleManager: Shutting down and abandoning module AndroidTargetPlatform (28)
[2016.11.13-06.41.13:844][723]LogModuleManager: Shutting down and abandoning module WindowsTargetPlatform (27)
[2016.11.13-06.41.13:844][723]LogModuleManager: Shutting down and abandoning module WindowsServerTargetPlatform (26)
[2016.11.13-06.41.13:844][723]LogModuleManager: Shutting down and abandoning module WindowsNoEditorTargetPlatform (25)
[2016.11.13-06.41.13:844][723]LogModuleManager: Shutting down and abandoning module WindowsClientTargetPlatform (24)
[2016.11.13-06.41.13:844][723]LogModuleManager: Shutting down and abandoning module AllDesktopTargetPlatform (23)
[2016.11.13-06.41.13:844][723]LogModuleManager: Shutting down and abandoning module TargetPlatform (22)
[2016.11.13-06.41.13:844][723]LogModuleManager: Shutting down and abandoning module InputCore (21)
[2016.11.13-06.41.13:844][723]LogModuleManager: Shutting down and abandoning module Settings (20)
[2016.11.13-06.41.13:844][723]LogModuleManager: Shutting down and abandoning module OnlineSubsystem (18)
[2016.11.13-06.41.13:844][723]LogModuleManager: Shutting down and abandoning module HTTP (17)
[2016.11.13-06.41.13:844][723]LogModuleManager: Shutting down and abandoning module XMPP (16)
[2016.11.13-06.41.13:844][723]LogModuleManager: Shutting down and abandoning module ExampleDeviceProfileSelector (15)
[2016.11.13-06.41.13:844][723]LogModuleManager: Shutting down and abandoning module TextureCompressor (14)
[2016.11.13-06.41.13:844][723]LogModuleManager: Shutting down and abandoning module ShaderCore (13)
[2016.11.13-06.41.13:844][723]LogModuleManager: Shutting down and abandoning module Landscape (12)
[2016.11.13-06.41.13:844][723]LogModuleManager: Shutting down and abandoning module SlateRHIRenderer (11)
[2016.11.13-06.41.13:844][723]LogModuleManager: Shutting down and abandoning module OpenGLDrv (10)
[2016.11.13-06.41.13:844][723]LogModuleManager: Shutting down and abandoning module D3D11RHI (9)
[2016.11.13-06.41.13:844][723]LogModuleManager: Shutting down and abandoning module AnimGraphRuntime (8)
[2016.11.13-06.41.13:844][723]LogModuleManager: Shutting down and abandoning module Renderer (7)
[2016.11.13-06.41.13:844][723]LogModuleManager: Shutting down and abandoning module Engine (6)
[2016.11.13-06.41.13:844][723]LogModuleManager: Shutting down and abandoning module CoreUObject (5)
[2016.11.13-06.41.13:844][723]LogModuleManager: Shutting down and abandoning module NetworkFile (4)
[2016.11.13-06.41.13:844][723]LogModuleManager: Shutting down and abandoning module StreamingFile (3)
[2016.11.13-06.41.13:844][723]LogModuleManager: Shutting down and abandoning module SandboxFile (2)
[2016.11.13-06.41.13:844][723]LogModuleManager: Shutting down and abandoning module PakFile (1)
[2016.11.13-06.41.13:845][723]LogExit: Exiting.
[2016.11.13-06.41.13:846][723]Log file closed, 11/13/16 01:41:13
